#
# There is insufficient memory for the Java Runtime Environment to continue.
# Native memory allocation (malloc) failed to allocate 80656 bytes for Chunk::new
# Possible reasons:
#   The system is out of physical RAM or swap space
#   The process is running with CompressedOops enabled, and the Java Heap may be blocking the growth of the native heap
# Possible solutions:
#   Reduce memory load on the system
#   Increase physical memory or swap space
#   Check if swap backing store is full
#   Decrease Java heap size (-Xmx/-Xms)
#   Decrease number of Java threads
#   Decrease Java thread stack sizes (-Xss)
#   Set larger code cache with -XX:ReservedCodeCacheSize=
#   JVM is running with Unscaled Compressed Oops mode in which the Java heap is
#     placed in the first 4GB address space. The Java Heap base address is the
#     maximum limit for the native heap growth. Please use -XX:HeapBaseMinAddress
#     to set the Java Heap base and to place the Java Heap above 4GB virtual address.
# This output file may be truncated or incomplete.
#
#  Out of Memory Error (arena.cpp:184), pid=20300, tid=15108
#
# JRE version: Java(TM) SE Runtime Environment (19.0+36) (build 19+36-2238)
# Java VM: Java HotSpot(TM) 64-Bit Server VM (19+36-2238, mixed mode, sharing, tiered, compressed oops, compressed class ptrs, g1 gc, windows-amd64)
# No core dump will be written. Minidumps are not enabled by default on client versions of Windows
#

---------------  S U M M A R Y ------------

Command Line: -javaagent:C:\Program Files\JetBrains\IntelliJ IDEA Community Edition 2023.3.2\lib\idea_rt.jar=49734:C:\Program Files\JetBrains\IntelliJ IDEA Community Edition 2023.3.2\bin -Dfile.encoding=UTF-8 -Dsun.stdout.encoding=UTF-8 -Dsun.stderr.encoding=UTF-8 com.ayoub.University.Manager.UniversityManagerApplication

Host: Intel(R) Core(TM) i3-8145U CPU @ 2.10GHz, 4 cores, 7G,  Windows 11 , 64 bit Build 22621 (10.0.22621.2506)
Time: Tue Dec 26 01:41:26 2023 Morocco Summer Time elapsed time: 0.429584 seconds (0d 0h 0m 0s)

---------------  T H R E A D  ---------------

Current thread (0x000001de42140e90):  JavaThread "C2 CompilerThread0" daemon [_thread_in_native, id=15108, stack(0x0000001010d00000,0x0000001010e00000)]


Current CompileTask:
C2:    429  504       4       java.io.StreamTokenizer::read (38 bytes)

Stack: [0x0000001010d00000,0x0000001010e00000]
Native frames: (J=compiled Java code, j=interpreted, Vv=VM code, C=native code)
V  [jvm.dll+0x6ee8fa]
V  [jvm.dll+0x857a1e]
V  [jvm.dll+0x85940e]
V  [jvm.dll+0x859ac3]
V  [jvm.dll+0x28291f]
V  [jvm.dll+0xc9b5f]
V  [jvm.dll+0xc9ee5]
V  [jvm.dll+0x3bcb72]
V  [jvm.dll+0x386201]
V  [jvm.dll+0x38567a]
V  [jvm.dll+0x24c2c9]
V  [jvm.dll+0x24b671]
V  [jvm.dll+0x1d6d61]
V  [jvm.dll+0x25b0fa]
V  [jvm.dll+0x259588]
V  [jvm.dll+0x807928]
V  [jvm.dll+0x8015fa]
V  [jvm.dll+0x6ed5eb]
C  [ucrtbase.dll+0x29363]
C  [KERNEL32.DLL+0x1257d]
C  [ntdll.dll+0x5aa58]


---------------  P R O C E S S  ---------------

Threads class SMR info:
_java_thread_list=0x000001de46901e80, length=14, elements={
0x000001de242b4c70, 0x000001de42135240, 0x000001de421361d0, 0x000001de42137160,
0x000001de4213cfc0, 0x000001de4213d8f0, 0x000001de4213e220, 0x000001de42140e90,
0x000001de464103a0, 0x000001de46410920, 0x000001de4210c270, 0x000001de46736970,
0x000001de46736eb0, 0x000001de468dab70
}

Java Threads: ( => current thread )
  0x000001de242b4c70 JavaThread "main" [_thread_in_vm, id=19464, stack(0x0000001010000000,0x0000001010100000)]
  0x000001de42135240 JavaThread "Reference Handler" daemon [_thread_blocked, id=13700, stack(0x0000001010700000,0x0000001010800000)]
  0x000001de421361d0 JavaThread "Finalizer" daemon [_thread_blocked, id=16720, stack(0x0000001010800000,0x0000001010900000)]
  0x000001de42137160 JavaThread "Signal Dispatcher" daemon [_thread_blocked, id=11632, stack(0x0000001010900000,0x0000001010a00000)]
  0x000001de4213cfc0 JavaThread "Attach Listener" daemon [_thread_blocked, id=21236, stack(0x0000001010a00000,0x0000001010b00000)]
  0x000001de4213d8f0 JavaThread "Service Thread" daemon [_thread_blocked, id=15452, stack(0x0000001010b00000,0x0000001010c00000)]
  0x000001de4213e220 JavaThread "Monitor Deflation Thread" daemon [_thread_blocked, id=11580, stack(0x0000001010c00000,0x0000001010d00000)]
=>0x000001de42140e90 JavaThread "C2 CompilerThread0" daemon [_thread_in_native, id=15108, stack(0x0000001010d00000,0x0000001010e00000)]
  0x000001de464103a0 JavaThread "C1 CompilerThread0" daemon [_thread_blocked, id=19340, stack(0x0000001010e00000,0x0000001010f00000)]
  0x000001de46410920 JavaThread "Sweeper thread" daemon [_thread_blocked, id=2224, stack(0x0000001010f00000,0x0000001011000000)]
  0x000001de4210c270 JavaThread "Common-Cleaner" daemon [_thread_blocked, id=3128, stack(0x0000001011000000,0x0000001011100000)]
  0x000001de46736970 JavaThread "Monitor Ctrl-Break" daemon [_thread_in_native, id=8564, stack(0x0000001011100000,0x0000001011200000)]
  0x000001de46736eb0 JavaThread "Notification Thread" daemon [_thread_blocked, id=14992, stack(0x0000001011200000,0x0000001011300000)]
  0x000001de468dab70 JavaThread "C2 CompilerThread1" daemon [_thread_in_native, id=21436, stack(0x0000001011400000,0x0000001011500000)]

Other Threads:
  0x000001de4211d500 VMThread "VM Thread" [stack: 0x0000001010600000,0x0000001010700000] [id=6220]
  0x000001de46611aa0 WatcherThread "VM Periodic Task Thread" [stack: 0x0000001011300000,0x0000001011400000] [id=4488]
  0x000001de24313e30 WorkerThread "GC Thread#0" [stack: 0x0000001010100000,0x0000001010200000] [id=12032]
  0x000001de24324810 ConcurrentGCThread "G1 Main Marker" [stack: 0x0000001010200000,0x0000001010300000] [id=20924]
  0x000001de24325240 WorkerThread "G1 Conc#0" [stack: 0x0000001010300000,0x0000001010400000] [id=2576]
  0x000001de41fd9ca0 ConcurrentGCThread "G1 Refine#0" [stack: 0x0000001010400000,0x0000001010500000] [id=20628]
  0x000001de41fda6f0 ConcurrentGCThread "G1 Service" [stack: 0x0000001010500000,0x0000001010600000] [id=4788]

Threads with active compile tasks:
C2 CompilerThread0      469  504       4       java.io.StreamTokenizer::read (38 bytes)
C2 CompilerThread1      469  582       4       java.lang.String::startsWith (138 bytes)

VM state: not at safepoint (normal execution)

VM Mutex/Monitor currently owned by a thread: None

Heap address: 0x0000000082c00000, size: 2004 MB, Compressed Oops mode: 32-bit

CDS archive(s) mapped at: [0x0000000800000000-0x0000000800c40000-0x0000000800c40000), size 12845056, SharedBaseAddress: 0x0000000800000000, ArchiveRelocationMode: 0.
Compressed class space mapped at: 0x0000000801000000-0x0000000841000000, reserved size: 1073741824
Narrow klass base: 0x0000000800000000, Narrow klass shift: 0, Narrow klass range: 0x100000000

GC Precious Log:
 CardTable entry size: 512
 Card Set container configuration: InlinePtr #cards 5 size 8 Array Of Cards #cards 12 size 40 Howl #buckets 4 coarsen threshold 1843 Howl Bitmap #cards 512 size 80 coarsen threshold 460 Card regions per heap region 1 cards per card region 2048
 CPUs: 4 total, 4 available
 Memory: 8014M
 Large Page Support: Disabled
 NUMA Support: Disabled
 Compressed Oops: Enabled (32-bit)
 Heap Region Size: 1M
 Heap Min Capacity: 8M
 Heap Initial Capacity: 126M
 Heap Max Capacity: 2004M
 Pre-touch: Disabled
 Parallel Workers: 4
 Concurrent Workers: 1
 Concurrent Refinement Workers: 4
 Periodic GC: Disabled

Heap:
 garbage-first heap   total 129024K, used 9216K [0x0000000082c00000, 0x0000000100000000)
  region size 1024K, 10 young (10240K), 0 survivors (0K)
 Metaspace       used 2274K, committed 2432K, reserved 1114112K
  class space    used 190K, committed 256K, reserved 1048576K

Heap Regions: E=young(eden), S=young(survivor), O=old, HS=humongous(starts), HC=humongous(continues), CS=collection set, F=free, OA=open archive, CA=closed archive, TAMS=top-at-mark-start (previous, next)
|   0|0x0000000082c00000, 0x0000000082d00000, 0x0000000082d00000|100%|HS|  |TAMS 0x0000000082c00000, 0x0000000082c00000| Complete 
|   1|0x0000000082d00000, 0x0000000082d00000, 0x0000000082e00000|  0%| F|  |TAMS 0x0000000082d00000, 0x0000000082d00000| Untracked 
|   2|0x0000000082e00000, 0x0000000082e00000, 0x0000000082f00000|  0%| F|  |TAMS 0x0000000082e00000, 0x0000000082e00000| Untracked 
|   3|0x0000000082f00000, 0x0000000082f00000, 0x0000000083000000|  0%| F|  |TAMS 0x0000000082f00000, 0x0000000082f00000| Untracked 
|   4|0x0000000083000000, 0x0000000083000000, 0x0000000083100000|  0%| F|  |TAMS 0x0000000083000000, 0x0000000083000000| Untracked 
|   5|0x0000000083100000, 0x0000000083100000, 0x0000000083200000|  0%| F|  |TAMS 0x0000000083100000, 0x0000000083100000| Untracked 
|   6|0x0000000083200000, 0x0000000083200000, 0x0000000083300000|  0%| F|  |TAMS 0x0000000083200000, 0x0000000083200000| Untracked 
|   7|0x0000000083300000, 0x0000000083300000, 0x0000000083400000|  0%| F|  |TAMS 0x0000000083300000, 0x0000000083300000| Untracked 
|   8|0x0000000083400000, 0x0000000083400000, 0x0000000083500000|  0%| F|  |TAMS 0x0000000083400000, 0x0000000083400000| Untracked 
|   9|0x0000000083500000, 0x0000000083500000, 0x0000000083600000|  0%| F|  |TAMS 0x0000000083500000, 0x0000000083500000| Untracked 
|  10|0x0000000083600000, 0x0000000083600000, 0x0000000083700000|  0%| F|  |TAMS 0x0000000083600000, 0x0000000083600000| Untracked 
|  11|0x0000000083700000, 0x0000000083700000, 0x0000000083800000|  0%| F|  |TAMS 0x0000000083700000, 0x0000000083700000| Untracked 
|  12|0x0000000083800000, 0x0000000083800000, 0x0000000083900000|  0%| F|  |TAMS 0x0000000083800000, 0x0000000083800000| Untracked 
|  13|0x0000000083900000, 0x0000000083900000, 0x0000000083a00000|  0%| F|  |TAMS 0x0000000083900000, 0x0000000083900000| Untracked 
|  14|0x0000000083a00000, 0x0000000083a00000, 0x0000000083b00000|  0%| F|  |TAMS 0x0000000083a00000, 0x0000000083a00000| Untracked 
|  15|0x0000000083b00000, 0x0000000083b00000, 0x0000000083c00000|  0%| F|  |TAMS 0x0000000083b00000, 0x0000000083b00000| Untracked 
|  16|0x0000000083c00000, 0x0000000083c00000, 0x0000000083d00000|  0%| F|  |TAMS 0x0000000083c00000, 0x0000000083c00000| Untracked 
|  17|0x0000000083d00000, 0x0000000083d00000, 0x0000000083e00000|  0%| F|  |TAMS 0x0000000083d00000, 0x0000000083d00000| Untracked 
|  18|0x0000000083e00000, 0x0000000083e00000, 0x0000000083f00000|  0%| F|  |TAMS 0x0000000083e00000, 0x0000000083e00000| Untracked 
|  19|0x0000000083f00000, 0x0000000083f00000, 0x0000000084000000|  0%| F|  |TAMS 0x0000000083f00000, 0x0000000083f00000| Untracked 
|  20|0x0000000084000000, 0x0000000084000000, 0x0000000084100000|  0%| F|  |TAMS 0x0000000084000000, 0x0000000084000000| Untracked 
|  21|0x0000000084100000, 0x0000000084100000, 0x0000000084200000|  0%| F|  |TAMS 0x0000000084100000, 0x0000000084100000| Untracked 
|  22|0x0000000084200000, 0x0000000084200000, 0x0000000084300000|  0%| F|  |TAMS 0x0000000084200000, 0x0000000084200000| Untracked 
|  23|0x0000000084300000, 0x0000000084300000, 0x0000000084400000|  0%| F|  |TAMS 0x0000000084300000, 0x0000000084300000| Untracked 
|  24|0x0000000084400000, 0x0000000084400000, 0x0000000084500000|  0%| F|  |TAMS 0x0000000084400000, 0x0000000084400000| Untracked 
|  25|0x0000000084500000, 0x0000000084500000, 0x0000000084600000|  0%| F|  |TAMS 0x0000000084500000, 0x0000000084500000| Untracked 
|  26|0x0000000084600000, 0x0000000084600000, 0x0000000084700000|  0%| F|  |TAMS 0x0000000084600000, 0x0000000084600000| Untracked 
|  27|0x0000000084700000, 0x0000000084700000, 0x0000000084800000|  0%| F|  |TAMS 0x0000000084700000, 0x0000000084700000| Untracked 
|  28|0x0000000084800000, 0x0000000084800000, 0x0000000084900000|  0%| F|  |TAMS 0x0000000084800000, 0x0000000084800000| Untracked 
|  29|0x0000000084900000, 0x0000000084900000, 0x0000000084a00000|  0%| F|  |TAMS 0x0000000084900000, 0x0000000084900000| Untracked 
|  30|0x0000000084a00000, 0x0000000084a00000, 0x0000000084b00000|  0%| F|  |TAMS 0x0000000084a00000, 0x0000000084a00000| Untracked 
|  31|0x0000000084b00000, 0x0000000084b00000, 0x0000000084c00000|  0%| F|  |TAMS 0x0000000084b00000, 0x0000000084b00000| Untracked 
|  32|0x0000000084c00000, 0x0000000084c00000, 0x0000000084d00000|  0%| F|  |TAMS 0x0000000084c00000, 0x0000000084c00000| Untracked 
|  33|0x0000000084d00000, 0x0000000084d00000, 0x0000000084e00000|  0%| F|  |TAMS 0x0000000084d00000, 0x0000000084d00000| Untracked 
|  34|0x0000000084e00000, 0x0000000084e00000, 0x0000000084f00000|  0%| F|  |TAMS 0x0000000084e00000, 0x0000000084e00000| Untracked 
|  35|0x0000000084f00000, 0x0000000084f00000, 0x0000000085000000|  0%| F|  |TAMS 0x0000000084f00000, 0x0000000084f00000| Untracked 
|  36|0x0000000085000000, 0x0000000085000000, 0x0000000085100000|  0%| F|  |TAMS 0x0000000085000000, 0x0000000085000000| Untracked 
|  37|0x0000000085100000, 0x0000000085100000, 0x0000000085200000|  0%| F|  |TAMS 0x0000000085100000, 0x0000000085100000| Untracked 
|  38|0x0000000085200000, 0x0000000085200000, 0x0000000085300000|  0%| F|  |TAMS 0x0000000085200000, 0x0000000085200000| Untracked 
|  39|0x0000000085300000, 0x0000000085300000, 0x0000000085400000|  0%| F|  |TAMS 0x0000000085300000, 0x0000000085300000| Untracked 
|  40|0x0000000085400000, 0x0000000085400000, 0x0000000085500000|  0%| F|  |TAMS 0x0000000085400000, 0x0000000085400000| Untracked 
|  41|0x0000000085500000, 0x0000000085500000, 0x0000000085600000|  0%| F|  |TAMS 0x0000000085500000, 0x0000000085500000| Untracked 
|  42|0x0000000085600000, 0x0000000085600000, 0x0000000085700000|  0%| F|  |TAMS 0x0000000085600000, 0x0000000085600000| Untracked 
|  43|0x0000000085700000, 0x0000000085700000, 0x0000000085800000|  0%| F|  |TAMS 0x0000000085700000, 0x0000000085700000| Untracked 
|  44|0x0000000085800000, 0x0000000085800000, 0x0000000085900000|  0%| F|  |TAMS 0x0000000085800000, 0x0000000085800000| Untracked 
|  45|0x0000000085900000, 0x0000000085900000, 0x0000000085a00000|  0%| F|  |TAMS 0x0000000085900000, 0x0000000085900000| Untracked 
|  46|0x0000000085a00000, 0x0000000085a00000, 0x0000000085b00000|  0%| F|  |TAMS 0x0000000085a00000, 0x0000000085a00000| Untracked 
|  47|0x0000000085b00000, 0x0000000085b00000, 0x0000000085c00000|  0%| F|  |TAMS 0x0000000085b00000, 0x0000000085b00000| Untracked 
|  48|0x0000000085c00000, 0x0000000085c00000, 0x0000000085d00000|  0%| F|  |TAMS 0x0000000085c00000, 0x0000000085c00000| Untracked 
|  49|0x0000000085d00000, 0x0000000085d00000, 0x0000000085e00000|  0%| F|  |TAMS 0x0000000085d00000, 0x0000000085d00000| Untracked 
|  50|0x0000000085e00000, 0x0000000085e00000, 0x0000000085f00000|  0%| F|  |TAMS 0x0000000085e00000, 0x0000000085e00000| Untracked 
|  51|0x0000000085f00000, 0x0000000085f00000, 0x0000000086000000|  0%| F|  |TAMS 0x0000000085f00000, 0x0000000085f00000| Untracked 
|  52|0x0000000086000000, 0x0000000086000000, 0x0000000086100000|  0%| F|  |TAMS 0x0000000086000000, 0x0000000086000000| Untracked 
|  53|0x0000000086100000, 0x0000000086100000, 0x0000000086200000|  0%| F|  |TAMS 0x0000000086100000, 0x0000000086100000| Untracked 
|  54|0x0000000086200000, 0x0000000086200000, 0x0000000086300000|  0%| F|  |TAMS 0x0000000086200000, 0x0000000086200000| Untracked 
|  55|0x0000000086300000, 0x0000000086300000, 0x0000000086400000|  0%| F|  |TAMS 0x0000000086300000, 0x0000000086300000| Untracked 
|  56|0x0000000086400000, 0x0000000086400000, 0x0000000086500000|  0%| F|  |TAMS 0x0000000086400000, 0x0000000086400000| Untracked 
|  57|0x0000000086500000, 0x0000000086500000, 0x0000000086600000|  0%| F|  |TAMS 0x0000000086500000, 0x0000000086500000| Untracked 
|  58|0x0000000086600000, 0x0000000086600000, 0x0000000086700000|  0%| F|  |TAMS 0x0000000086600000, 0x0000000086600000| Untracked 
|  59|0x0000000086700000, 0x0000000086700000, 0x0000000086800000|  0%| F|  |TAMS 0x0000000086700000, 0x0000000086700000| Untracked 
|  60|0x0000000086800000, 0x0000000086800000, 0x0000000086900000|  0%| F|  |TAMS 0x0000000086800000, 0x0000000086800000| Untracked 
|  61|0x0000000086900000, 0x0000000086900000, 0x0000000086a00000|  0%| F|  |TAMS 0x0000000086900000, 0x0000000086900000| Untracked 
|  62|0x0000000086a00000, 0x0000000086a00000, 0x0000000086b00000|  0%| F|  |TAMS 0x0000000086a00000, 0x0000000086a00000| Untracked 
|  63|0x0000000086b00000, 0x0000000086b00000, 0x0000000086c00000|  0%| F|  |TAMS 0x0000000086b00000, 0x0000000086b00000| Untracked 
|  64|0x0000000086c00000, 0x0000000086c00000, 0x0000000086d00000|  0%| F|  |TAMS 0x0000000086c00000, 0x0000000086c00000| Untracked 
|  65|0x0000000086d00000, 0x0000000086d00000, 0x0000000086e00000|  0%| F|  |TAMS 0x0000000086d00000, 0x0000000086d00000| Untracked 
|  66|0x0000000086e00000, 0x0000000086e00000, 0x0000000086f00000|  0%| F|  |TAMS 0x0000000086e00000, 0x0000000086e00000| Untracked 
|  67|0x0000000086f00000, 0x0000000086f00000, 0x0000000087000000|  0%| F|  |TAMS 0x0000000086f00000, 0x0000000086f00000| Untracked 
|  68|0x0000000087000000, 0x0000000087000000, 0x0000000087100000|  0%| F|  |TAMS 0x0000000087000000, 0x0000000087000000| Untracked 
|  69|0x0000000087100000, 0x0000000087100000, 0x0000000087200000|  0%| F|  |TAMS 0x0000000087100000, 0x0000000087100000| Untracked 
|  70|0x0000000087200000, 0x0000000087200000, 0x0000000087300000|  0%| F|  |TAMS 0x0000000087200000, 0x0000000087200000| Untracked 
|  71|0x0000000087300000, 0x0000000087300000, 0x0000000087400000|  0%| F|  |TAMS 0x0000000087300000, 0x0000000087300000| Untracked 
|  72|0x0000000087400000, 0x0000000087400000, 0x0000000087500000|  0%| F|  |TAMS 0x0000000087400000, 0x0000000087400000| Untracked 
|  73|0x0000000087500000, 0x0000000087500000, 0x0000000087600000|  0%| F|  |TAMS 0x0000000087500000, 0x0000000087500000| Untracked 
|  74|0x0000000087600000, 0x0000000087600000, 0x0000000087700000|  0%| F|  |TAMS 0x0000000087600000, 0x0000000087600000| Untracked 
|  75|0x0000000087700000, 0x0000000087700000, 0x0000000087800000|  0%| F|  |TAMS 0x0000000087700000, 0x0000000087700000| Untracked 
|  76|0x0000000087800000, 0x0000000087800000, 0x0000000087900000|  0%| F|  |TAMS 0x0000000087800000, 0x0000000087800000| Untracked 
|  77|0x0000000087900000, 0x0000000087900000, 0x0000000087a00000|  0%| F|  |TAMS 0x0000000087900000, 0x0000000087900000| Untracked 
|  78|0x0000000087a00000, 0x0000000087a00000, 0x0000000087b00000|  0%| F|  |TAMS 0x0000000087a00000, 0x0000000087a00000| Untracked 
|  79|0x0000000087b00000, 0x0000000087b00000, 0x0000000087c00000|  0%| F|  |TAMS 0x0000000087b00000, 0x0000000087b00000| Untracked 
|  80|0x0000000087c00000, 0x0000000087c00000, 0x0000000087d00000|  0%| F|  |TAMS 0x0000000087c00000, 0x0000000087c00000| Untracked 
|  81|0x0000000087d00000, 0x0000000087d00000, 0x0000000087e00000|  0%| F|  |TAMS 0x0000000087d00000, 0x0000000087d00000| Untracked 
|  82|0x0000000087e00000, 0x0000000087e00000, 0x0000000087f00000|  0%| F|  |TAMS 0x0000000087e00000, 0x0000000087e00000| Untracked 
|  83|0x0000000087f00000, 0x0000000087f00000, 0x0000000088000000|  0%| F|  |TAMS 0x0000000087f00000, 0x0000000087f00000| Untracked 
|  84|0x0000000088000000, 0x0000000088000000, 0x0000000088100000|  0%| F|  |TAMS 0x0000000088000000, 0x0000000088000000| Untracked 
|  85|0x0000000088100000, 0x0000000088100000, 0x0000000088200000|  0%| F|  |TAMS 0x0000000088100000, 0x0000000088100000| Untracked 
|  86|0x0000000088200000, 0x0000000088200000, 0x0000000088300000|  0%| F|  |TAMS 0x0000000088200000, 0x0000000088200000| Untracked 
|  87|0x0000000088300000, 0x0000000088300000, 0x0000000088400000|  0%| F|  |TAMS 0x0000000088300000, 0x0000000088300000| Untracked 
|  88|0x0000000088400000, 0x0000000088400000, 0x0000000088500000|  0%| F|  |TAMS 0x0000000088400000, 0x0000000088400000| Untracked 
|  89|0x0000000088500000, 0x0000000088500000, 0x0000000088600000|  0%| F|  |TAMS 0x0000000088500000, 0x0000000088500000| Untracked 
|  90|0x0000000088600000, 0x0000000088600000, 0x0000000088700000|  0%| F|  |TAMS 0x0000000088600000, 0x0000000088600000| Untracked 
|  91|0x0000000088700000, 0x0000000088700000, 0x0000000088800000|  0%| F|  |TAMS 0x0000000088700000, 0x0000000088700000| Untracked 
|  92|0x0000000088800000, 0x0000000088800000, 0x0000000088900000|  0%| F|  |TAMS 0x0000000088800000, 0x0000000088800000| Untracked 
|  93|0x0000000088900000, 0x0000000088900000, 0x0000000088a00000|  0%| F|  |TAMS 0x0000000088900000, 0x0000000088900000| Untracked 
|  94|0x0000000088a00000, 0x0000000088a00000, 0x0000000088b00000|  0%| F|  |TAMS 0x0000000088a00000, 0x0000000088a00000| Untracked 
|  95|0x0000000088b00000, 0x0000000088b00000, 0x0000000088c00000|  0%| F|  |TAMS 0x0000000088b00000, 0x0000000088b00000| Untracked 
|  96|0x0000000088c00000, 0x0000000088c00000, 0x0000000088d00000|  0%| F|  |TAMS 0x0000000088c00000, 0x0000000088c00000| Untracked 
|  97|0x0000000088d00000, 0x0000000088d00000, 0x0000000088e00000|  0%| F|  |TAMS 0x0000000088d00000, 0x0000000088d00000| Untracked 
|  98|0x0000000088e00000, 0x0000000088e00000, 0x0000000088f00000|  0%| F|  |TAMS 0x0000000088e00000, 0x0000000088e00000| Untracked 
|  99|0x0000000088f00000, 0x0000000088f00000, 0x0000000089000000|  0%| F|  |TAMS 0x0000000088f00000, 0x0000000088f00000| Untracked 
| 100|0x0000000089000000, 0x0000000089000000, 0x0000000089100000|  0%| F|  |TAMS 0x0000000089000000, 0x0000000089000000| Untracked 
| 101|0x0000000089100000, 0x0000000089100000, 0x0000000089200000|  0%| F|  |TAMS 0x0000000089100000, 0x0000000089100000| Untracked 
| 102|0x0000000089200000, 0x0000000089200000, 0x0000000089300000|  0%| F|  |TAMS 0x0000000089200000, 0x0000000089200000| Untracked 
| 103|0x0000000089300000, 0x0000000089300000, 0x0000000089400000|  0%| F|  |TAMS 0x0000000089300000, 0x0000000089300000| Untracked 
| 104|0x0000000089400000, 0x0000000089400000, 0x0000000089500000|  0%| F|  |TAMS 0x0000000089400000, 0x0000000089400000| Untracked 
| 105|0x0000000089500000, 0x0000000089500000, 0x0000000089600000|  0%| F|  |TAMS 0x0000000089500000, 0x0000000089500000| Untracked 
| 106|0x0000000089600000, 0x0000000089600000, 0x0000000089700000|  0%| F|  |TAMS 0x0000000089600000, 0x0000000089600000| Untracked 
| 107|0x0000000089700000, 0x0000000089700000, 0x0000000089800000|  0%| F|  |TAMS 0x0000000089700000, 0x0000000089700000| Untracked 
| 108|0x0000000089800000, 0x0000000089800000, 0x0000000089900000|  0%| F|  |TAMS 0x0000000089800000, 0x0000000089800000| Untracked 
| 109|0x0000000089900000, 0x0000000089900000, 0x0000000089a00000|  0%| F|  |TAMS 0x0000000089900000, 0x0000000089900000| Untracked 
| 110|0x0000000089a00000, 0x0000000089a00000, 0x0000000089b00000|  0%| F|  |TAMS 0x0000000089a00000, 0x0000000089a00000| Untracked 
| 111|0x0000000089b00000, 0x0000000089b00000, 0x0000000089c00000|  0%| F|  |TAMS 0x0000000089b00000, 0x0000000089b00000| Untracked 
| 112|0x0000000089c00000, 0x0000000089c00000, 0x0000000089d00000|  0%| F|  |TAMS 0x0000000089c00000, 0x0000000089c00000| Untracked 
| 113|0x0000000089d00000, 0x0000000089d00000, 0x0000000089e00000|  0%| F|  |TAMS 0x0000000089d00000, 0x0000000089d00000| Untracked 
| 114|0x0000000089e00000, 0x0000000089e00000, 0x0000000089f00000|  0%| F|  |TAMS 0x0000000089e00000, 0x0000000089e00000| Untracked 
| 115|0x0000000089f00000, 0x0000000089f00000, 0x000000008a000000|  0%| F|  |TAMS 0x0000000089f00000, 0x0000000089f00000| Untracked 
| 116|0x000000008a000000, 0x000000008a043148, 0x000000008a100000| 26%| E|  |TAMS 0x000000008a000000, 0x000000008a000000| Complete 
| 117|0x000000008a100000, 0x000000008a200000, 0x000000008a200000|100%| E|CS|TAMS 0x000000008a100000, 0x000000008a100000| Complete 
| 118|0x000000008a200000, 0x000000008a300000, 0x000000008a300000|100%| E|CS|TAMS 0x000000008a200000, 0x000000008a200000| Complete 
| 119|0x000000008a300000, 0x000000008a400000, 0x000000008a400000|100%| E|CS|TAMS 0x000000008a300000, 0x000000008a300000| Complete 
| 120|0x000000008a400000, 0x000000008a500000, 0x000000008a500000|100%| E|  |TAMS 0x000000008a400000, 0x000000008a400000| Complete 
| 121|0x000000008a500000, 0x000000008a600000, 0x000000008a600000|100%| E|CS|TAMS 0x000000008a500000, 0x000000008a500000| Complete 
| 122|0x000000008a600000, 0x000000008a700000, 0x000000008a700000|100%| E|CS|TAMS 0x000000008a600000, 0x000000008a600000| Complete 
| 123|0x000000008a700000, 0x000000008a800000, 0x000000008a800000|100%| E|CS|TAMS 0x000000008a700000, 0x000000008a700000| Complete 
| 124|0x000000008a800000, 0x000000008a900000, 0x000000008a900000|100%| E|CS|TAMS 0x000000008a800000, 0x000000008a800000| Complete 
| 125|0x000000008a900000, 0x000000008aa00000, 0x000000008aa00000|100%| E|CS|TAMS 0x000000008a900000, 0x000000008a900000| Complete 

Card table byte_map: [0x000001de3b5f0000,0x000001de3b9e0000] _byte_map_base: 0x000001de3b1da000

Marking Bits (Prev, Next): (CMBitMap*) 0x000001de24314460, (CMBitMap*) 0x000001de243144a0
 Prev Bits: [0x000001de3bdd0000, 0x000001de3dd20000)
 Next Bits: [0x000001de3dd20000, 0x000001de3fc70000)

Polling page: 0x000001de22210000

Metaspace:

Usage:
  Non-class:      2.05 MB used.
      Class:    191.53 KB used.
       Both:      2.23 MB used.

Virtual space:
  Non-class space:       64.00 MB reserved,       2.12 MB (  3%) committed,  1 nodes.
      Class space:        1.00 GB reserved,     256.00 KB ( <1%) committed,  1 nodes.
             Both:        1.06 GB reserved,       2.38 MB ( <1%) committed. 

Chunk freelists:
   Non-Class:  3.39 MB
       Class:  3.66 MB
        Both:  7.05 MB

MaxMetaspaceSize: unlimited
CompressedClassSpaceSize: 1.00 GB
Initial GC threshold: 21.00 MB
Current GC threshold: 21.00 MB
CDS: on
MetaspaceReclaimPolicy: balanced
 - commit_granule_bytes: 65536.
 - commit_granule_words: 8192.
 - virtual_space_node_default_size: 8388608.
 - enlarge_chunks_in_place: 1.
 - new_chunks_are_fully_committed: 0.
 - uncommit_free_chunks: 1.
 - use_allocation_guard: 0.


Internal statistics:

num_allocs_failed_limit: 0.
num_arena_births: 56.
num_arena_deaths: 0.
num_vsnodes_births: 2.
num_vsnodes_deaths: 0.
num_space_committed: 38.
num_space_uncommitted: 0.
num_chunks_returned_to_freelist: 0.
num_chunks_taken_from_freelist: 91.
num_chunk_merges: 0.
num_chunk_splits: 62.
num_chunks_enlarged: 44.
num_inconsistent_stats: 0.

CodeHeap 'non-profiled nmethods': size=120000Kb used=205Kb max_used=205Kb free=119794Kb
 bounds [0x000001de33cd0000, 0x000001de33f40000, 0x000001de3b200000]
CodeHeap 'profiled nmethods': size=120000Kb used=875Kb max_used=875Kb free=119124Kb
 bounds [0x000001de2c200000, 0x000001de2c470000, 0x000001de33730000]
CodeHeap 'non-nmethods': size=5760Kb used=1228Kb max_used=1245Kb free=4531Kb
 bounds [0x000001de33730000, 0x000001de339a0000, 0x000001de33cd0000]
 total_blobs=1027 nmethods=593 adapters=345
 compilation: enabled
              stopped_count=0, restarted_count=0
 full_count=0

Compilation events (20 events):
Event: 0.423 Thread 0x000001de464103a0 nmethod 496 0x000001de2c2af690 code [0x000001de2c2afc60, 0x000001de2c2b28e8]
Event: 0.423 Thread 0x000001de42140e90 nmethod 502 0x000001de33cf8590 code [0x000001de33cf8720, 0x000001de33cf88b8]
Event: 0.423 Thread 0x000001de42140e90  503       4       java.util.concurrent.locks.AbstractQueuedSynchronizer::signalNext (34 bytes)
Event: 0.423 Thread 0x000001de464103a0  497       3       sun.security.provider.PolicyParser::peek (182 bytes)
Event: 0.423 Thread 0x000001de42140e90 nmethod 503 0x000001de33cf8990 code [0x000001de33cf8b00, 0x000001de33cf8b78]
Event: 0.423 Thread 0x000001de42140e90  504       4       java.io.StreamTokenizer::read (38 bytes)
Event: 0.423 Thread 0x000001de468dab70  506   !   4       java.io.BufferedReader::read (59 bytes)
Event: 0.423 Thread 0x000001de464103a0 nmethod 497 0x000001de2c2b3310 code [0x000001de2c2b3540, 0x000001de2c2b3bc8]
Event: 0.423 Thread 0x000001de464103a0  505       3       sun.security.provider.PolicyParser::match (775 bytes)
Event: 0.426 Thread 0x000001de464103a0 nmethod 505 0x000001de2c2b3e10 code [0x000001de2c2b4460, 0x000001de2c2b6a78]
Event: 0.426 Thread 0x000001de464103a0  499       3       java.lang.String::<init> (14 bytes)
Event: 0.426 Thread 0x000001de464103a0 nmethod 499 0x000001de2c2b7b10 code [0x000001de2c2b7ce0, 0x000001de2c2b8038]
Event: 0.426 Thread 0x000001de464103a0  500       3       java.lang.String::rangeCheck (9 bytes)
Event: 0.427 Thread 0x000001de464103a0 nmethod 500 0x000001de2c2b8210 code [0x000001de2c2b83e0, 0x000001de2c2b8668]
Event: 0.427 Thread 0x000001de464103a0  498       3       jdk.internal.util.ArraysSupport::newLength (27 bytes)
Event: 0.427 Thread 0x000001de464103a0 nmethod 498 0x000001de2c2b8810 code [0x000001de2c2b89c0, 0x000001de2c2b8c28]
Event: 0.427 Thread 0x000001de464103a0  495       3       java.lang.StringLatin1::indexOf (25 bytes)
Event: 0.427 Thread 0x000001de464103a0 nmethod 495 0x000001de2c2b8d10 code [0x000001de2c2b8ec0, 0x000001de2c2b90c8]
Event: 0.427 Thread 0x000001de464103a0  508       3       java.lang.invoke.LambdaForm$Name::initIndex (26 bytes)
Event: 0.427 Thread 0x000001de464103a0 nmethod 508 0x000001de2c2b9190 code [0x000001de2c2b9340, 0x000001de2c2b94f8]

GC Heap History (0 events):
No events

Dll operation events (10 events):
Event: 0.013 Loaded shared library C:\Program Files\Java\jdk-19\bin\java.dll
Event: 0.025 Loaded shared library C:\Program Files\Java\jdk-19\bin\jsvml.dll
Event: 0.159 Loaded shared library C:\Program Files\Java\jdk-19\bin\zip.dll
Event: 0.162 Loaded shared library C:\Program Files\Java\jdk-19\bin\instrument.dll
Event: 0.168 Loaded shared library C:\Program Files\Java\jdk-19\bin\net.dll
Event: 0.170 Loaded shared library C:\Program Files\Java\jdk-19\bin\nio.dll
Event: 0.173 Loaded shared library C:\Program Files\Java\jdk-19\bin\zip.dll
Event: 0.301 Loaded shared library C:\Program Files\JetBrains\IntelliJ IDEA Community Edition 2023.3.2\bin\breakgen64.dll
Event: 0.318 Loaded shared library C:\Program Files\Java\jdk-19\bin\extnet.dll
Event: 0.372 Loaded shared library C:\Program Files\Java\jdk-19\bin\jimage.dll

Deoptimization events (20 events):
Event: 0.243 Thread 0x000001de242b4c70 DEOPT PACKING pc=0x000001de2c2115e7 sp=0x00000010100fe660
Event: 0.243 Thread 0x000001de242b4c70 DEOPT UNPACKING pc=0x000001de33797543 sp=0x00000010100fda80 mode 0
Event: 0.248 Thread 0x000001de242b4c70 DEOPT PACKING pc=0x000001de2c207e51 sp=0x00000010100fde60
Event: 0.248 Thread 0x000001de242b4c70 DEOPT UNPACKING pc=0x000001de33797543 sp=0x00000010100fd2d8 mode 0
Event: 0.302 Thread 0x000001de242b4c70 Uncommon trap: trap_request=0xffffff45 fr.pc=0x000001de33cdb9fc relative=0x000000000000005c
Event: 0.302 Thread 0x000001de242b4c70 Uncommon trap: reason=unstable_if action=reinterpret pc=0x000001de33cdb9fc method=java.lang.String.isLatin1()Z @ 10 c2
Event: 0.302 Thread 0x000001de242b4c70 DEOPT PACKING pc=0x000001de33cdb9fc sp=0x00000010100fe4f0
Event: 0.302 Thread 0x000001de242b4c70 DEOPT UNPACKING pc=0x000001de33796da3 sp=0x00000010100fe480 mode 2
Event: 0.303 Thread 0x000001de242b4c70 Uncommon trap: trap_request=0xffffff45 fr.pc=0x000001de33cd1648 relative=0x00000000000000a8
Event: 0.303 Thread 0x000001de242b4c70 Uncommon trap: reason=unstable_if action=reinterpret pc=0x000001de33cd1648 method=java.lang.String.isLatin1()Z @ 10 c2
Event: 0.303 Thread 0x000001de242b4c70 DEOPT PACKING pc=0x000001de33cd1648 sp=0x00000010100feec0
Event: 0.303 Thread 0x000001de242b4c70 DEOPT UNPACKING pc=0x000001de33796da3 sp=0x00000010100fee00 mode 2
Event: 0.376 Thread 0x000001de242b4c70 Uncommon trap: trap_request=0xffffff45 fr.pc=0x000001de33ce7b84 relative=0x0000000000000064
Event: 0.376 Thread 0x000001de242b4c70 Uncommon trap: reason=unstable_if action=reinterpret pc=0x000001de33ce7b84 method=java.io.WinNTFileSystem.isSlash(C)Z @ 9 c2
Event: 0.376 Thread 0x000001de242b4c70 DEOPT PACKING pc=0x000001de33ce7b84 sp=0x00000010100fdc80
Event: 0.376 Thread 0x000001de242b4c70 DEOPT UNPACKING pc=0x000001de33796da3 sp=0x00000010100fdc08 mode 2
Event: 0.378 Thread 0x000001de242b4c70 DEOPT PACKING pc=0x000001de2c24d0b6 sp=0x00000010100fcfc0
Event: 0.378 Thread 0x000001de242b4c70 DEOPT UNPACKING pc=0x000001de33797543 sp=0x00000010100fc4b8 mode 0
Event: 0.380 Thread 0x000001de242b4c70 DEOPT PACKING pc=0x000001de2c23cbd7 sp=0x00000010100f98e0
Event: 0.380 Thread 0x000001de242b4c70 DEOPT UNPACKING pc=0x000001de33797543 sp=0x00000010100f8d78 mode 0

Classes loaded (20 events):
Event: 0.423 Loading class sun/security/provider/PolicyFile$PolicyEntry done
Event: 0.423 Loading class java/net/SocketPermission
Event: 0.423 Loading class java/net/SocketPermission done
Event: 0.423 Loading class java/util/PropertyPermission
Event: 0.424 Loading class java/util/PropertyPermission done
Event: 0.424 Loading class java/net/NetPermission
Event: 0.424 Loading class java/net/NetPermission done
Event: 0.424 Loading class sun/security/util/SecurityConstants
Event: 0.424 Loading class sun/security/util/SecurityConstants done
Event: 0.424 Loading class java/security/SecurityPermission
Event: 0.424 Loading class java/security/SecurityPermission done
Event: 0.424 Loading class java/lang/reflect/ReflectPermission
Event: 0.424 Loading class java/lang/reflect/ReflectPermission done
Event: 0.425 Loading class java/net/URLPermission
Event: 0.425 Loading class java/net/URLPermission done
Event: 0.427 Loading class java/net/URLPermission$Authority
Event: 0.427 Loading class java/net/URLPermission$Authority done
Event: 0.427 Loading class java/net/HostPortrange
Event: 0.428 Loading class java/net/HostPortrange done
Event: 0.428 Loading class java/util/ComparableTimSort

Classes unloaded (0 events):
No events

Classes redefined (0 events):
No events

Internal exceptions (3 events):
Event: 0.291 Thread 0x000001de242b4c70 Exception <a 'java/lang/NoSuchMethodError'{0x000000008a358698}: 'void java.lang.invoke.DirectMethodHandle$Holder.invokeStatic(java.lang.Object, java.lang.Object, java.lang.Object)'> (0x000000008a358698) 
thrown [s\open\src\hotspot\share\interpreter\linkResolver.cpp, line 774]
Event: 0.295 Thread 0x000001de242b4c70 Exception <a 'java/lang/NoSuchMethodError'{0x000000008a370ed0}: 'java.lang.Object java.lang.invoke.Invokers$Holder.invokeExact_MT(java.lang.Object, java.lang.Object, java.lang.Object, java.lang.Object, java.lang.Object)'> (0x000000008a370ed0) 
thrown [s\open\src\hotspot\share\interpreter\linkResolver.cpp, line 774]
Event: 0.321 Thread 0x000001de46736970 Exception <a 'java/lang/NoSuchMethodError'{0x000000008a3a9c38}: 'void java.lang.invoke.DirectMethodHandle$Holder.invokeStatic(java.lang.Object, java.lang.Object)'> (0x000000008a3a9c38) 
thrown [s\open\src\hotspot\share\interpreter\linkResolver.cpp, line 774]

VM Operations (8 events):
Event: 0.142 Executing VM operation: HandshakeAllThreads
Event: 0.142 Executing VM operation: HandshakeAllThreads done
Event: 0.304 Executing VM operation: HandshakeAllThreads
Event: 0.305 Executing VM operation: HandshakeAllThreads done
Event: 0.368 Executing VM operation: HandshakeAllThreads
Event: 0.368 Executing VM operation: HandshakeAllThreads done
Event: 0.376 Executing VM operation: HandshakeAllThreads
Event: 0.376 Executing VM operation: HandshakeAllThreads done

Events (14 events):
Event: 0.025 Thread 0x000001de242b4c70 Thread added: 0x000001de242b4c70
Event: 0.042 Thread 0x000001de42135240 Thread added: 0x000001de42135240
Event: 0.042 Thread 0x000001de421361d0 Thread added: 0x000001de421361d0
Event: 0.043 Thread 0x000001de42137160 Thread added: 0x000001de42137160
Event: 0.043 Thread 0x000001de4213cfc0 Thread added: 0x000001de4213cfc0
Event: 0.043 Thread 0x000001de4213d8f0 Thread added: 0x000001de4213d8f0
Event: 0.043 Thread 0x000001de4213e220 Thread added: 0x000001de4213e220
Event: 0.043 Thread 0x000001de42140e90 Thread added: 0x000001de42140e90
Event: 0.049 Thread 0x000001de464103a0 Thread added: 0x000001de464103a0
Event: 0.049 Thread 0x000001de46410920 Thread added: 0x000001de46410920
Event: 0.134 Thread 0x000001de4210c270 Thread added: 0x000001de4210c270
Event: 0.302 Thread 0x000001de46736970 Thread added: 0x000001de46736970
Event: 0.302 Thread 0x000001de46736eb0 Thread added: 0x000001de46736eb0
Event: 0.423 Thread 0x000001de468dab70 Thread added: 0x000001de468dab70


Dynamic libraries:
0x00007ff7bef70000 - 0x00007ff7bef80000 	C:\Program Files\Java\jdk-19\bin\java.exe
0x00007fff728b0000 - 0x00007fff72ac7000 	C:\WINDOWS\SYSTEM32\ntdll.dll
0x00007fff718c0000 - 0x00007fff71984000 	C:\WINDOWS\System32\KERNEL32.DLL
0x00007fff70130000 - 0x00007fff704d6000 	C:\WINDOWS\System32\KERNELBASE.dll
0x00007fff6fe30000 - 0x00007fff6ff41000 	C:\WINDOWS\System32\ucrtbase.dll
0x00007fff57910000 - 0x00007fff57928000 	C:\Program Files\Java\jdk-19\bin\jli.dll
0x00007fff570d0000 - 0x00007fff570eb000 	C:\Program Files\Java\jdk-19\bin\VCRUNTIME140.dll
0x00007fff71080000 - 0x00007fff71131000 	C:\WINDOWS\System32\ADVAPI32.dll
0x00007fff72580000 - 0x00007fff72627000 	C:\WINDOWS\System32\msvcrt.dll
0x00007fff70f40000 - 0x00007fff70fe5000 	C:\WINDOWS\System32\sechost.dll
0x00007fff70630000 - 0x00007fff70747000 	C:\WINDOWS\System32\RPCRT4.dll
0x00007fff726c0000 - 0x00007fff7286e000 	C:\WINDOWS\System32\USER32.dll
0x00007fff6fc20000 - 0x00007fff6fc46000 	C:\WINDOWS\System32\win32u.dll
0x00007fff70600000 - 0x00007fff70629000 	C:\WINDOWS\System32\GDI32.dll
0x00007fff704e0000 - 0x00007fff705f8000 	C:\WINDOWS\System32\gdi32full.dll
0x00007fff6ff50000 - 0x00007fff6ffea000 	C:\WINDOWS\System32\msvcp_win.dll
0x00007fff56e20000 - 0x00007fff570b3000 	C:\WINDOWS\WinSxS\amd64_microsoft.windows.common-controls_6595b64144ccf1df_6.0.22621.2506_none_270c5ae97388e100\COMCTL32.dll
0x00007fff644c0000 - 0x00007fff644ca000 	C:\WINDOWS\SYSTEM32\VERSION.dll
0x00007fff72310000 - 0x00007fff72341000 	C:\WINDOWS\System32\IMM32.DLL
0x00007fff570c0000 - 0x00007fff570cc000 	C:\Program Files\Java\jdk-19\bin\vcruntime140_1.dll
0x00007fff28580000 - 0x00007fff2860e000 	C:\Program Files\Java\jdk-19\bin\msvcp140.dll
0x00007ffefe480000 - 0x00007ffeff140000 	C:\Program Files\Java\jdk-19\bin\server\jvm.dll
0x00007fff68620000 - 0x00007fff68654000 	C:\WINDOWS\SYSTEM32\WINMM.dll
0x00007fff503d0000 - 0x00007fff503d9000 	C:\WINDOWS\SYSTEM32\WSOCK32.dll
0x00007fff71000000 - 0x00007fff71071000 	C:\WINDOWS\System32\WS2_32.dll
0x00007fff6ebe0000 - 0x00007fff6ebf8000 	C:\WINDOWS\SYSTEM32\kernel.appcore.dll
0x00007fff56df0000 - 0x00007fff56dfa000 	C:\Program Files\Java\jdk-19\bin\jimage.dll
0x00007fff6d5f0000 - 0x00007fff6d823000 	C:\WINDOWS\SYSTEM32\DBGHELP.DLL
0x00007fff70ad0000 - 0x00007fff70e59000 	C:\WINDOWS\System32\combase.dll
0x00007fff72450000 - 0x00007fff72527000 	C:\WINDOWS\System32\OLEAUT32.dll
0x00007fff4ff30000 - 0x00007fff4ff62000 	C:\WINDOWS\SYSTEM32\dbgcore.DLL
0x00007fff6fff0000 - 0x00007fff7006a000 	C:\WINDOWS\System32\bcryptPrimitives.dll
0x00007fff57930000 - 0x00007fff5793e000 	C:\Program Files\Java\jdk-19\bin\instrument.dll
0x00007fff56220000 - 0x00007fff56246000 	C:\Program Files\Java\jdk-19\bin\java.dll
0x00007fff26b10000 - 0x00007fff26be7000 	C:\Program Files\Java\jdk-19\bin\jsvml.dll
0x00007fff71a90000 - 0x00007fff722ea000 	C:\WINDOWS\System32\SHELL32.dll
0x00007fff6daf0000 - 0x00007fff6e3e6000 	C:\WINDOWS\SYSTEM32\windows.storage.dll
0x00007fff6d9b0000 - 0x00007fff6daee000 	C:\WINDOWS\SYSTEM32\wintypes.dll
0x00007fff712e0000 - 0x00007fff713d3000 	C:\WINDOWS\System32\SHCORE.dll
0x00007fff71860000 - 0x00007fff718be000 	C:\WINDOWS\System32\shlwapi.dll
0x00007fff6fb50000 - 0x00007fff6fb76000 	C:\WINDOWS\SYSTEM32\profapi.dll
0x00007fff55c00000 - 0x00007fff55c18000 	C:\Program Files\Java\jdk-19\bin\zip.dll
0x00007fff56c30000 - 0x00007fff56c43000 	C:\Program Files\Java\jdk-19\bin\net.dll
0x00007fff6c290000 - 0x00007fff6c3c7000 	C:\WINDOWS\SYSTEM32\WINHTTP.dll
0x00007fff6f060000 - 0x00007fff6f0c9000 	C:\WINDOWS\system32\mswsock.dll
0x00007fff55e40000 - 0x00007fff55e56000 	C:\Program Files\Java\jdk-19\bin\nio.dll
0x00007fff50740000 - 0x00007fff5075a000 	C:\Program Files\JetBrains\IntelliJ IDEA Community Edition 2023.3.2\bin\breakgen64.dll
0x00007fff568a0000 - 0x00007fff568a8000 	C:\Program Files\Java\jdk-19\bin\extnet.dll

dbghelp: loaded successfully - version: 4.0.5 - missing functions: none
symbol engine: initialized successfully - sym options: 0x614 - pdb path: .;C:\Program Files\Java\jdk-19\bin;C:\WINDOWS\SYSTEM32;C:\WINDOWS\WinSxS\amd64_microsoft.windows.common-controls_6595b64144ccf1df_6.0.22621.2506_none_270c5ae97388e100;C:\Program Files\Java\jdk-19\bin\server;C:\Program Files\JetBrains\IntelliJ IDEA Community Edition 2023.3.2\bin

VM Arguments:
jvm_args: -javaagent:C:\Program Files\JetBrains\IntelliJ IDEA Community Edition 2023.3.2\lib\idea_rt.jar=49734:C:\Program Files\JetBrains\IntelliJ IDEA Community Edition 2023.3.2\bin -Dfile.encoding=UTF-8 -Dsun.stdout.encoding=UTF-8 -Dsun.stderr.encoding=UTF-8 
java_command: com.ayoub.University.Manager.UniversityManagerApplication
java_class_path (initial): C:\Users\XfunX\IdeaProjects\University-Manager\target\classes;C:\Users\XfunX\.m2\repository\org\springframework\boot\spring-boot-starter-data-jpa\3.2.1\spring-boot-starter-data-jpa-3.2.1.jar;C:\Users\XfunX\.m2\repository\org\springframework\boot\spring-boot-starter-aop\3.2.1\spring-boot-starter-aop-3.2.1.jar;C:\Users\XfunX\.m2\repository\org\springframework\spring-aop\6.1.2\spring-aop-6.1.2.jar;C:\Users\XfunX\.m2\repository\org\aspectj\aspectjweaver\1.9.21\aspectjweaver-1.9.21.jar;C:\Users\XfunX\.m2\repository\org\springframework\boot\spring-boot-starter-jdbc\3.2.1\spring-boot-starter-jdbc-3.2.1.jar;C:\Users\XfunX\.m2\repository\com\zaxxer\HikariCP\5.0.1\HikariCP-5.0.1.jar;C:\Users\XfunX\.m2\repository\org\springframework\spring-jdbc\6.1.2\spring-jdbc-6.1.2.jar;C:\Users\XfunX\.m2\repository\org\hibernate\orm\hibernate-core\6.4.1.Final\hibernate-core-6.4.1.Final.jar;C:\Users\XfunX\.m2\repository\jakarta\persistence\jakarta.persistence-api\3.1.0\jakarta.persistence-api-3.1.0.jar;C:\Users\XfunX\.m2\repository\jakarta\transaction\jakarta.transaction-api\2.0.1\jakarta.transaction-api-2.0.1.jar;C:\Users\XfunX\.m2\repository\org\jboss\logging\jboss-logging\3.5.3.Final\jboss-logging-3.5.3.Final.jar;C:\Users\XfunX\.m2\repository\org\hibernate\common\hibernate-commons-annotations\6.0.6.Final\hibernate-commons-annotations-6.0.6.Final.jar;C:\Users\XfunX\.m2\repository\io\smallrye\jandex\3.1.2\jandex-3.1.2.jar;C:\Users\XfunX\.m2\repository\com\fasterxml\classmate\1.6.0\classmate-1.6.0.jar;C:\Users\XfunX\.m2\repository\net\bytebuddy\byte-buddy\1.14.10\byte-buddy-1.14.10.jar;C:\Users\XfunX\.m2\repository\org\glassfish\jaxb\jaxb-runtime\4.0.4\jaxb-runtime-4.0.4.jar;C:\Users\XfunX\.m2\repository\org\glassfish\jaxb\jaxb-core\4.0.4\jaxb-core-4.0.4.jar;C:\Users\XfunX\.m2\repository\org\eclipse\angus\angus-activation\2.0.1\angus-activation-2.0.1.jar;C:\Users\XfunX\.m2\repository\org\glassfish\jaxb\txw2\4.0.4\txw2-4.0.4.jar;C:\Users\XfunX\.m2\repository\com\sun\istack\istack-commons-runtime\4.1.2\istack-commons-runtime-4.1.2.jar;C:\Users\XfunX\.m2\repository\jakarta\inject\jakarta.inject-api\2.0.1\jakarta.inject-api-2.0.1.jar;C:\Users\XfunX\.m2\repository\org\antlr\antlr4-runtime\4.13.0\antlr4-runtime-4.13.0.jar;C:\Users\XfunX\.m2\repository\org\springframework\data\spring-data-jpa\3.2.1\spring-data-jpa-3.2.1.jar;C:\Users\XfunX\.m2\repository\org\springframework\data\spring-data-commons\3.2.1\spring-data-commons-3.2.1.jar;C:\Users\XfunX\.m2\repository\org\springframework\spring-orm\6.1.2\spring-orm-6.1.2.jar;C:\Users\XfunX\.m2\repository\org\springframework\spring-context\6.1.2\spring-context-6.1.2.jar;C:\Users\XfunX\.m2\repository\org\springframework\spring-tx\6.1.2\spring-tx-6.1.2.jar;C:\Users\XfunX\.m2\repository\org\springframework\spring-beans\6.1.2\spring-beans-6.1.2.jar;C:\Users\XfunX\.m2\repository\jakarta\annotation\jakarta.annotation-api\2.1.1\jakarta.annotation-api-2.1.1.jar;C:\Users\XfunX\.m2\repository\org\slf4j\slf4j-api\2.0.9\slf4j-api-2.0.9.jar;C:\Users\XfunX\.m2\repository\org\springframework\spring-aspects\6.1.2\spring-aspects-6.1.2.jar;C:\Users\XfunX\.m2\repository\org\springframework\boot\spring-boot-starter-web\3.2.1\spring-boot-starter-web-3.2.1.jar;C:\Users\XfunX\.m2\repository\org\springframework\boot\spring-boot-starter\3.2.1\spring-boot-starter-3.2.1.jar;C:\Users\XfunX\.m2\repository\org\springframework\boot\spring-boot-starter-logging\3.2.1\spring-boot-starter-logging-3.2.1.jar;C:\Users\XfunX\.m2\repository\ch\qos\logback\logback-classic\1.4.14\logback-classic-1.4.14.jar;C:\Users\XfunX\.m2\repository\ch\qos\logback\logback-core\1.4.14\logback-core-1.4.14.jar;C:\Users\XfunX\.m2\repository\org\apache\logging\log4j\log4j-to-slf4j\2.21.1\log4j-to-slf4j-2.21.1.jar;C:\Users\XfunX\.m2\repository\org\apache\logging\log4j\log4j-api\2.21.1\log4j-api-2.21.1.jar;C:\Users\XfunX\.m2\repository\org\slf4j\jul-to-slf4j\2.0.9\jul-to-slf4j-2.0.9.jar;C:\Users\XfunX\.m2\repository\org\yaml\snakeyaml\2.2\snakeyaml-2.2.jar;C:\Users\XfunX\.m2\repository\org\springframework\boot\spring-boot-starter-json\3.2.1\spring-boot-starter-json-3.2.1.jar;C:\Users\XfunX\.m2\repository\com\fasterxml\jackson\core\jackson-databind\2.15.3\jackson-databind-2.15.3.jar;C:\Users\XfunX\.m2\repository\com\fasterxml\jackson\core\jackson-annotations\2.15.3\jackson-annotations-2.15.3.jar;C:\Users\XfunX\.m2\repository\com\fasterxml\jackson\core\jackson-core\2.15.3\jackson-core-2.15.3.jar;C:\Users\XfunX\.m2\repository\com\fasterxml\jackson\datatype\jackson-datatype-jdk8\2.15.3\jackson-datatype-jdk8-2.15.3.jar;C:\Users\XfunX\.m2\repository\com\fasterxml\jackson\datatype\jackson-datatype-jsr310\2.15.3\jackson-datatype-jsr310-2.15.3.jar;C:\Users\XfunX\.m2\repository\com\fasterxml\jackson\module\jackson-module-parameter-names\2.15.3\jackson-module-parameter-names-2.15.3.jar;C:\Users\XfunX\.m2\repository\org\springframework\boot\spring-boot-starter-tomcat\3.2.1\spring-boot-starter-tomcat-3.2.1.jar;C:\Users\XfunX\.m2\repository\org\apache\tomcat\embed\tomcat-embed-core\10.1.17\tomcat-embed-core-10.1.17.jar;C:\Users\XfunX\.m2\repository\org\apache\tomcat\embed\tomcat-embed-el\10.1.17\tomcat-embed-el-10.1.17.jar;C:\Users\XfunX\.m2\repository\org\apache\tomcat\embed\tomcat-embed-websocket\10.1.17\tomcat-embed-websocket-10.1.17.jar;C:\Users\XfunX\.m2\repository\org\springframework\spring-web\6.1.2\spring-web-6.1.2.jar;C:\Users\XfunX\.m2\repository\io\micrometer\micrometer-observation\1.12.1\micrometer-observation-1.12.1.jar;C:\Users\XfunX\.m2\repository\io\micrometer\micrometer-commons\1.12.1\micrometer-commons-1.12.1.jar;C:\Users\XfunX\.m2\repository\org\springframework\spring-webmvc\6.1.2\spring-webmvc-6.1.2.jar;C:\Users\XfunX\.m2\repository\org\springframework\spring-expression\6.1.2\spring-expression-6.1.2.jar;C:\Users\XfunX\.m2\repository\org\springframework\boot\spring-boot-devtools\3.2.1\spring-boot-devtools-3.2.1.jar;C:\Users\XfunX\.m2\repository\org\springframework\boot\spring-boot\3.2.1\spring-boot-3.2.1.jar;C:\Users\XfunX\.m2\repository\org\springframework\boot\spring-boot-autoconfigure\3.2.1\spring-boot-autoconfigure-3.2.1.jar;C:\Users\XfunX\.m2\repository\com\mysql\mysql-connector-j\8.1.0\mysql-connector-j-8.1.0.jar;C:\Users\XfunX\.m2\repository\org\projectlombok\lombok\1.18.30\lombok-1.18.30.jar;C:\Users\XfunX\.m2\repository\jakarta\xml\bind\jakarta.xml.bind-api\4.0.1\jakarta.xml.bind-api-4.0.1.jar;C:\Users\XfunX\.m2\repository\jakarta\activation\jakarta.activation-api\2.1.2\jakarta.activation-api-2.1.2.jar;C:\Users\XfunX\.m2\repository\org\springframework\spring-core\6.1.2\spring-core-6.1.2.jar;C:\Users\XfunX\.m2\repository\org\springframework\spring-jcl\6.1.2\spring-jcl-6.1.2.jar;C:\Users\XfunX\.m2\repository\org\springframework\security\spring-security-crypto\6.0.3\spring-security-crypto-6.0.3.jar
Launcher Type: SUN_STANDARD

[Global flags]
     intx CICompilerCount                          = 3                                         {product} {ergonomic}
     uint ConcGCThreads                            = 1                                         {product} {ergonomic}
     uint G1ConcRefinementThreads                  = 4                                         {product} {ergonomic}
   size_t G1HeapRegionSize                         = 1048576                                   {product} {ergonomic}
    uintx GCDrainStackTargetSize                   = 64                                        {product} {ergonomic}
   size_t InitialHeapSize                          = 132120576                                 {product} {ergonomic}
   size_t MarkStackSize                            = 4194304                                   {product} {ergonomic}
   size_t MaxHeapSize                              = 2101346304                                {product} {ergonomic}
   size_t MaxNewSize                               = 1260388352                                {product} {ergonomic}
   size_t MinHeapDeltaBytes                        = 1048576                                   {product} {ergonomic}
   size_t MinHeapSize                              = 8388608                                   {product} {ergonomic}
    uintx NonNMethodCodeHeapSize                   = 5832780                                {pd product} {ergonomic}
    uintx NonProfiledCodeHeapSize                  = 122912730                              {pd product} {ergonomic}
    uintx ProfiledCodeHeapSize                     = 122912730                              {pd product} {ergonomic}
    uintx ReservedCodeCacheSize                    = 251658240                              {pd product} {ergonomic}
     bool SegmentedCodeCache                       = true                                      {product} {ergonomic}
   size_t SoftMaxHeapSize                          = 2101346304                             {manageable} {ergonomic}
     bool UseCompressedClassPointers               = true                           {product lp64_product} {ergonomic}
     bool UseCompressedOops                        = true                           {product lp64_product} {ergonomic}
     bool UseG1GC                                  = true                                      {product} {ergonomic}
     bool UseLargePagesIndividualAllocation        = false                                  {pd product} {ergonomic}

Logging:
Log output configuration:
 #0: stdout all=warning uptime,level,tags foldmultilines=false
 #1: stderr all=off uptime,level,tags foldmultilines=false

Environment Variables:
JAVA_HOME=C:\Program Files\Java\jdk1.7.0_80
PATH=C:\Program Files\Eclipse Adoptium\jdk-11.0.21.9-hotspot\bin;C:\Program Files\Common Files\Oracle\Java\javapath;C:\Program Files (x86)\Common Files\Oracle\Java\javapath;C:\app\XfunX\product\11.2.0\dbhome_1\bin;C:\ProgramData\Oracle\Java\javapath;C:\Program Files (x86)\Intel\Intel(R) Management Engine Components\iCLS\;C:\Program Files\Intel\Intel(R) Management Engine Components\iCLS\;C:\WINDOWS\system32;C:\WINDOWS;C:\WINDOWS\System32\Wbem;C:\WINDOWS\System32\WindowsPowerShell\v1.0\;C:\WINDOWS\System32\OpenSSH\;C:\Program Files (x86)\Intel\Intel(R) Management Engine Components\DAL;C:\Program Files\Intel\Intel(R) Management Engine Components\DAL;C:\Program Files\Java\jdk1.8.0_92\bin;C:\Program Files\Microsoft VS Code\bin;C:\Program Files\nodejs\;C:\xampp\php;C:\composer;C:\Users\XfunX\AppData\Local\Microsoft\WindowsApps;C:\Users\XfunX\AppData\Roaming\npm;C:\Users\XfunX\AppData\Roaming\Composer\vendor\bin
USERNAME=XfunX
OS=Windows_NT
PROCESSOR_IDENTIFIER=Intel64 Family 6 Model 142 Stepping 11, GenuineIntel
TMP=C:\Users\XfunX\AppData\Local\Temp
TEMP=C:\Users\XfunX\AppData\Local\Temp



---------------  S Y S T E M  ---------------

OS:
 Windows 11 , 64 bit Build 22621 (10.0.22621.2506)
OS uptime: 2 days 10:57 hours
Hyper-V role detected

CPU: total 4 (initial active 4) (2 cores per cpu, 2 threads per core) family 6 model 142 stepping 11 microcode 0xde, cx8, cmov, fxsr, ht, mmx, 3dnowpref, sse, sse2, sse3, ssse3, sse4.1, sse4.2, popcnt, lzcnt, tsc, tscinvbit, avx, avx2, aes, erms, clmul, bmi1, bmi2, adx, fma, vzeroupper, clflush, clflushopt, hv, rdtscp

Memory: 4k page, system-wide physical 8014M (1022M free)
TotalPageFile size 14098M (AvailPageFile size 2M)
current process WorkingSet (physical memory assigned to process): 50M, peak: 50M
current process commit charge ("private bytes"): 209M, peak: 209M

vm_info: Java HotSpot(TM) 64-Bit Server VM (19+36-2238) for windows-amd64 JRE (19+36-2238), built on 2022-08-12T20:29:01Z by "mach5one" with MS VC++ 17.1 (VS2022)

END.
