#
# There is insufficient memory for the Java Runtime Environment to continue.
# Native memory allocation (malloc) failed to allocate 569728 bytes for Chunk::new
# Possible reasons:
#   The system is out of physical RAM or swap space
#   The process is running with CompressedOops enabled, and the Java Heap may be blocking the growth of the native heap
# Possible solutions:
#   Reduce memory load on the system
#   Increase physical memory or swap space
#   Check if swap backing store is full
#   Decrease Java heap size (-Xmx/-Xms)
#   Decrease number of Java threads
#   Decrease Java thread stack sizes (-Xss)
#   Set larger code cache with -XX:ReservedCodeCacheSize=
#   JVM is running with Unscaled Compressed Oops mode in which the Java heap is
#     placed in the first 4GB address space. The Java Heap base address is the
#     maximum limit for the native heap growth. Please use -XX:HeapBaseMinAddress
#     to set the Java Heap base and to place the Java Heap above 4GB virtual address.
# This output file may be truncated or incomplete.
#
#  Out of Memory Error (arena.cpp:184), pid=4784, tid=16336
#
# JRE version: Java(TM) SE Runtime Environment (19.0+36) (build 19+36-2238)
# Java VM: Java HotSpot(TM) 64-Bit Server VM (19+36-2238, mixed mode, sharing, tiered, compressed oops, compressed class ptrs, g1 gc, windows-amd64)
# No core dump will be written. Minidumps are not enabled by default on client versions of Windows
#

---------------  S U M M A R Y ------------

Command Line: -javaagent:C:\Program Files\JetBrains\IntelliJ IDEA Community Edition 2023.3.2\lib\idea_rt.jar=49748:C:\Program Files\JetBrains\IntelliJ IDEA Community Edition 2023.3.2\bin -Dfile.encoding=UTF-8 -Dsun.stdout.encoding=UTF-8 -Dsun.stderr.encoding=UTF-8 com.ayoub.University.Manager.UniversityManagerApplication

Host: Intel(R) Core(TM) i3-8145U CPU @ 2.10GHz, 4 cores, 7G,  Windows 11 , 64 bit Build 22621 (10.0.22621.2506)
Time: Tue Dec 26 01:43:53 2023 Morocco Summer Time elapsed time: 2.507520 seconds (0d 0h 0m 2s)

---------------  T H R E A D  ---------------

Current thread (0x00000230f8fe5e80):  JavaThread "C2 CompilerThread0" daemon [_thread_in_native, id=16336, stack(0x000000ee9de00000,0x000000ee9df00000)]


Current CompileTask:
C2:   2507 2393   !   4       java.util.zip.InflaterInputStream::read (119 bytes)

Stack: [0x000000ee9de00000,0x000000ee9df00000]
Native frames: (J=compiled Java code, j=interpreted, Vv=VM code, C=native code)
V  [jvm.dll+0x6ee8fa]
V  [jvm.dll+0x857a1e]
V  [jvm.dll+0x85940e]
V  [jvm.dll+0x859ac3]
V  [jvm.dll+0x28291f]
V  [jvm.dll+0xc9b5f]
V  [jvm.dll+0xc9ee5]
V  [jvm.dll+0x3bcbac]
V  [jvm.dll+0x386201]
V  [jvm.dll+0x38567a]
V  [jvm.dll+0x24c2c9]
V  [jvm.dll+0x24b671]
V  [jvm.dll+0x1d6d61]
V  [jvm.dll+0x25b0fa]
V  [jvm.dll+0x259588]
V  [jvm.dll+0x807928]
V  [jvm.dll+0x8015fa]
V  [jvm.dll+0x6ed5eb]
C  [ucrtbase.dll+0x29363]
C  [KERNEL32.DLL+0x1257d]
C  [ntdll.dll+0x5aa58]


---------------  P R O C E S S  ---------------

Threads class SMR info:
_java_thread_list=0x00000230fe7ff150, length=16, elements={
0x00000230db145fb0, 0x00000230f8fd6a30, 0x00000230f8fd79c0, 0x00000230f8fdcc10,
0x00000230f8fe2810, 0x00000230f8fe38e0, 0x00000230f8fe4210, 0x00000230f8fe5e80,
0x00000230f903b410, 0x00000230fd42e880, 0x00000230f8fae7d0, 0x00000230fd706940,
0x00000230fd622e50, 0x00000230fd9d3550, 0x00000230fdfe9d60, 0x00000230fdfea720
}

Java Threads: ( => current thread )
  0x00000230db145fb0 JavaThread "main" [_thread_blocked, id=2316, stack(0x000000ee9d100000,0x000000ee9d200000)]
  0x00000230f8fd6a30 JavaThread "Reference Handler" daemon [_thread_blocked, id=11696, stack(0x000000ee9d800000,0x000000ee9d900000)]
  0x00000230f8fd79c0 JavaThread "Finalizer" daemon [_thread_blocked, id=17364, stack(0x000000ee9d900000,0x000000ee9da00000)]
  0x00000230f8fdcc10 JavaThread "Signal Dispatcher" daemon [_thread_blocked, id=1428, stack(0x000000ee9da00000,0x000000ee9db00000)]
  0x00000230f8fe2810 JavaThread "Attach Listener" daemon [_thread_blocked, id=5476, stack(0x000000ee9db00000,0x000000ee9dc00000)]
  0x00000230f8fe38e0 JavaThread "Service Thread" daemon [_thread_blocked, id=19500, stack(0x000000ee9dc00000,0x000000ee9dd00000)]
  0x00000230f8fe4210 JavaThread "Monitor Deflation Thread" daemon [_thread_blocked, id=20532, stack(0x000000ee9dd00000,0x000000ee9de00000)]
=>0x00000230f8fe5e80 JavaThread "C2 CompilerThread0" daemon [_thread_in_native, id=16336, stack(0x000000ee9de00000,0x000000ee9df00000)]
  0x00000230f903b410 JavaThread "C1 CompilerThread0" daemon [_thread_in_native, id=588, stack(0x000000ee9df00000,0x000000ee9e000000)]
  0x00000230fd42e880 JavaThread "Sweeper thread" daemon [_thread_blocked, id=8652, stack(0x000000ee9e000000,0x000000ee9e100000)]
  0x00000230f8fae7d0 JavaThread "Common-Cleaner" daemon [_thread_blocked, id=3228, stack(0x000000ee9e100000,0x000000ee9e200000)]
  0x00000230fd706940 JavaThread "Monitor Ctrl-Break" daemon [_thread_in_native, id=17588, stack(0x000000ee9e200000,0x000000ee9e300000)]
  0x00000230fd622e50 JavaThread "Notification Thread" daemon [_thread_blocked, id=20516, stack(0x000000ee9e300000,0x000000ee9e400000)]
  0x00000230fd9d3550 JavaThread "C2 CompilerThread1" daemon [_thread_in_native, id=19728, stack(0x000000ee9e500000,0x000000ee9e600000)]
  0x00000230fdfe9d60 JavaThread "Thread-0" [_thread_blocked, id=3952, stack(0x000000ee9e900000,0x000000ee9ea00000)]
  0x00000230fdfea720 JavaThread "restartedMain" [_thread_in_Java, id=20624, stack(0x000000ee9ea00000,0x000000ee9eb00000)]

Other Threads:
  0x00000230f8fbda50 VMThread "VM Thread" [stack: 0x000000ee9d700000,0x000000ee9d800000] [id=2180]
  0x00000230fd7bd4b0 WatcherThread "VM Periodic Task Thread" [stack: 0x000000ee9e400000,0x000000ee9e500000] [id=19256]
  0x00000230db1a6170 WorkerThread "GC Thread#0" [stack: 0x000000ee9d200000,0x000000ee9d300000] [id=18964]
  0x00000230fdae84c0 WorkerThread "GC Thread#1" [stack: 0x000000ee9e600000,0x000000ee9e700000] [id=20912]
  0x00000230fdaf1900 WorkerThread "GC Thread#2" [stack: 0x000000ee9e700000,0x000000ee9e800000] [id=15504]
  0x00000230fdbb8020 WorkerThread "GC Thread#3" [stack: 0x000000ee9e800000,0x000000ee9e900000] [id=18052]
  0x00000230db1b6cf0 ConcurrentGCThread "G1 Main Marker" [stack: 0x000000ee9d300000,0x000000ee9d400000] [id=20504]
  0x00000230db1b7ec0 WorkerThread "G1 Conc#0" [stack: 0x000000ee9d400000,0x000000ee9d500000] [id=20276]
  0x00000230f8e7c110 ConcurrentGCThread "G1 Refine#0" [stack: 0x000000ee9d500000,0x000000ee9d600000] [id=20364]
  0x00000230f8e7cc50 ConcurrentGCThread "G1 Service" [stack: 0x000000ee9d600000,0x000000ee9d700000] [id=20092]

Threads with active compile tasks:
C2 CompilerThread0     2543 2393   !   4       java.util.zip.InflaterInputStream::read (119 bytes)
C1 CompilerThread0     2543 2438       3       org.springframework.core.annotation.AnnotationTypeMappings::forAnnotationType (74 bytes)
C2 CompilerThread1     2543 2399       4       org.springframework.asm.ClassReader::readUtf (161 bytes)

VM state: not at safepoint (normal execution)

VM Mutex/Monitor currently owned by a thread: None

Heap address: 0x0000000082c00000, size: 2004 MB, Compressed Oops mode: 32-bit

CDS archive(s) mapped at: [0x0000000800000000-0x0000000800c40000-0x0000000800c40000), size 12845056, SharedBaseAddress: 0x0000000800000000, ArchiveRelocationMode: 0.
Compressed class space mapped at: 0x0000000801000000-0x0000000841000000, reserved size: 1073741824
Narrow klass base: 0x0000000800000000, Narrow klass shift: 0, Narrow klass range: 0x100000000

GC Precious Log:
 CardTable entry size: 512
 Card Set container configuration: InlinePtr #cards 5 size 8 Array Of Cards #cards 12 size 40 Howl #buckets 4 coarsen threshold 1843 Howl Bitmap #cards 512 size 80 coarsen threshold 460 Card regions per heap region 1 cards per card region 2048
 CPUs: 4 total, 4 available
 Memory: 8014M
 Large Page Support: Disabled
 NUMA Support: Disabled
 Compressed Oops: Enabled (32-bit)
 Heap Region Size: 1M
 Heap Min Capacity: 8M
 Heap Initial Capacity: 126M
 Heap Max Capacity: 2004M
 Pre-touch: Disabled
 Parallel Workers: 4
 Concurrent Workers: 1
 Concurrent Refinement Workers: 4
 Periodic GC: Disabled

Heap:
 garbage-first heap   total 129024K, used 25921K [0x0000000082c00000, 0x0000000100000000)
  region size 1024K, 22 young (22528K), 4 survivors (4096K)
 Metaspace       used 18352K, committed 18688K, reserved 1114112K
  class space    used 2158K, committed 2304K, reserved 1048576K

Heap Regions: E=young(eden), S=young(survivor), O=old, HS=humongous(starts), HC=humongous(continues), CS=collection set, F=free, OA=open archive, CA=closed archive, TAMS=top-at-mark-start (previous, next)
|   0|0x0000000082c00000, 0x0000000082d00000, 0x0000000082d00000|100%|HS|  |TAMS 0x0000000082c00000, 0x0000000082c00000| Complete 
|   1|0x0000000082d00000, 0x0000000082e00000, 0x0000000082e00000|100%| O|  |TAMS 0x0000000082d00000, 0x0000000082d00000| Untracked 
|   2|0x0000000082e00000, 0x0000000082f00000, 0x0000000082f00000|100%| O|  |TAMS 0x0000000082e00000, 0x0000000082e00000| Untracked 
|   3|0x0000000082f00000, 0x0000000083000000, 0x0000000083000000|100%| O|  |TAMS 0x0000000082f00000, 0x0000000082f00000| Untracked 
|   4|0x0000000083000000, 0x0000000083100000, 0x0000000083100000|100%| O|  |TAMS 0x0000000083000000, 0x0000000083000000| Untracked 
|   5|0x0000000083100000, 0x00000000831e5800, 0x0000000083200000| 89%| O|  |TAMS 0x0000000083100000, 0x0000000083100000| Untracked 
|   6|0x0000000083200000, 0x0000000083200000, 0x0000000083300000|  0%| F|  |TAMS 0x0000000083200000, 0x0000000083200000| Untracked 
|   7|0x0000000083300000, 0x0000000083300000, 0x0000000083400000|  0%| F|  |TAMS 0x0000000083300000, 0x0000000083300000| Untracked 
|   8|0x0000000083400000, 0x0000000083400000, 0x0000000083500000|  0%| F|  |TAMS 0x0000000083400000, 0x0000000083400000| Untracked 
|   9|0x0000000083500000, 0x0000000083500000, 0x0000000083600000|  0%| F|  |TAMS 0x0000000083500000, 0x0000000083500000| Untracked 
|  10|0x0000000083600000, 0x0000000083600000, 0x0000000083700000|  0%| F|  |TAMS 0x0000000083600000, 0x0000000083600000| Untracked 
|  11|0x0000000083700000, 0x0000000083700000, 0x0000000083800000|  0%| F|  |TAMS 0x0000000083700000, 0x0000000083700000| Untracked 
|  12|0x0000000083800000, 0x0000000083800000, 0x0000000083900000|  0%| F|  |TAMS 0x0000000083800000, 0x0000000083800000| Untracked 
|  13|0x0000000083900000, 0x0000000083900000, 0x0000000083a00000|  0%| F|  |TAMS 0x0000000083900000, 0x0000000083900000| Untracked 
|  14|0x0000000083a00000, 0x0000000083a00000, 0x0000000083b00000|  0%| F|  |TAMS 0x0000000083a00000, 0x0000000083a00000| Untracked 
|  15|0x0000000083b00000, 0x0000000083b00000, 0x0000000083c00000|  0%| F|  |TAMS 0x0000000083b00000, 0x0000000083b00000| Untracked 
|  16|0x0000000083c00000, 0x0000000083c00000, 0x0000000083d00000|  0%| F|  |TAMS 0x0000000083c00000, 0x0000000083c00000| Untracked 
|  17|0x0000000083d00000, 0x0000000083d00000, 0x0000000083e00000|  0%| F|  |TAMS 0x0000000083d00000, 0x0000000083d00000| Untracked 
|  18|0x0000000083e00000, 0x0000000083e00000, 0x0000000083f00000|  0%| F|  |TAMS 0x0000000083e00000, 0x0000000083e00000| Untracked 
|  19|0x0000000083f00000, 0x0000000083f00000, 0x0000000084000000|  0%| F|  |TAMS 0x0000000083f00000, 0x0000000083f00000| Untracked 
|  20|0x0000000084000000, 0x0000000084000000, 0x0000000084100000|  0%| F|  |TAMS 0x0000000084000000, 0x0000000084000000| Untracked 
|  21|0x0000000084100000, 0x0000000084100000, 0x0000000084200000|  0%| F|  |TAMS 0x0000000084100000, 0x0000000084100000| Untracked 
|  22|0x0000000084200000, 0x0000000084200000, 0x0000000084300000|  0%| F|  |TAMS 0x0000000084200000, 0x0000000084200000| Untracked 
|  23|0x0000000084300000, 0x0000000084300000, 0x0000000084400000|  0%| F|  |TAMS 0x0000000084300000, 0x0000000084300000| Untracked 
|  24|0x0000000084400000, 0x0000000084400000, 0x0000000084500000|  0%| F|  |TAMS 0x0000000084400000, 0x0000000084400000| Untracked 
|  25|0x0000000084500000, 0x0000000084500000, 0x0000000084600000|  0%| F|  |TAMS 0x0000000084500000, 0x0000000084500000| Untracked 
|  26|0x0000000084600000, 0x0000000084600000, 0x0000000084700000|  0%| F|  |TAMS 0x0000000084600000, 0x0000000084600000| Untracked 
|  27|0x0000000084700000, 0x0000000084700000, 0x0000000084800000|  0%| F|  |TAMS 0x0000000084700000, 0x0000000084700000| Untracked 
|  28|0x0000000084800000, 0x0000000084800000, 0x0000000084900000|  0%| F|  |TAMS 0x0000000084800000, 0x0000000084800000| Untracked 
|  29|0x0000000084900000, 0x0000000084900000, 0x0000000084a00000|  0%| F|  |TAMS 0x0000000084900000, 0x0000000084900000| Untracked 
|  30|0x0000000084a00000, 0x0000000084a00000, 0x0000000084b00000|  0%| F|  |TAMS 0x0000000084a00000, 0x0000000084a00000| Untracked 
|  31|0x0000000084b00000, 0x0000000084b00000, 0x0000000084c00000|  0%| F|  |TAMS 0x0000000084b00000, 0x0000000084b00000| Untracked 
|  32|0x0000000084c00000, 0x0000000084c00000, 0x0000000084d00000|  0%| F|  |TAMS 0x0000000084c00000, 0x0000000084c00000| Untracked 
|  33|0x0000000084d00000, 0x0000000084d00000, 0x0000000084e00000|  0%| F|  |TAMS 0x0000000084d00000, 0x0000000084d00000| Untracked 
|  34|0x0000000084e00000, 0x0000000084e00000, 0x0000000084f00000|  0%| F|  |TAMS 0x0000000084e00000, 0x0000000084e00000| Untracked 
|  35|0x0000000084f00000, 0x0000000084f00000, 0x0000000085000000|  0%| F|  |TAMS 0x0000000084f00000, 0x0000000084f00000| Untracked 
|  36|0x0000000085000000, 0x0000000085000000, 0x0000000085100000|  0%| F|  |TAMS 0x0000000085000000, 0x0000000085000000| Untracked 
|  37|0x0000000085100000, 0x0000000085100000, 0x0000000085200000|  0%| F|  |TAMS 0x0000000085100000, 0x0000000085100000| Untracked 
|  38|0x0000000085200000, 0x0000000085200000, 0x0000000085300000|  0%| F|  |TAMS 0x0000000085200000, 0x0000000085200000| Untracked 
|  39|0x0000000085300000, 0x0000000085300000, 0x0000000085400000|  0%| F|  |TAMS 0x0000000085300000, 0x0000000085300000| Untracked 
|  40|0x0000000085400000, 0x0000000085400000, 0x0000000085500000|  0%| F|  |TAMS 0x0000000085400000, 0x0000000085400000| Untracked 
|  41|0x0000000085500000, 0x0000000085500000, 0x0000000085600000|  0%| F|  |TAMS 0x0000000085500000, 0x0000000085500000| Untracked 
|  42|0x0000000085600000, 0x0000000085600000, 0x0000000085700000|  0%| F|  |TAMS 0x0000000085600000, 0x0000000085600000| Untracked 
|  43|0x0000000085700000, 0x0000000085700000, 0x0000000085800000|  0%| F|  |TAMS 0x0000000085700000, 0x0000000085700000| Untracked 
|  44|0x0000000085800000, 0x0000000085800000, 0x0000000085900000|  0%| F|  |TAMS 0x0000000085800000, 0x0000000085800000| Untracked 
|  45|0x0000000085900000, 0x0000000085900000, 0x0000000085a00000|  0%| F|  |TAMS 0x0000000085900000, 0x0000000085900000| Untracked 
|  46|0x0000000085a00000, 0x0000000085a00000, 0x0000000085b00000|  0%| F|  |TAMS 0x0000000085a00000, 0x0000000085a00000| Untracked 
|  47|0x0000000085b00000, 0x0000000085b00000, 0x0000000085c00000|  0%| F|  |TAMS 0x0000000085b00000, 0x0000000085b00000| Untracked 
|  48|0x0000000085c00000, 0x0000000085c00000, 0x0000000085d00000|  0%| F|  |TAMS 0x0000000085c00000, 0x0000000085c00000| Untracked 
|  49|0x0000000085d00000, 0x0000000085d00000, 0x0000000085e00000|  0%| F|  |TAMS 0x0000000085d00000, 0x0000000085d00000| Untracked 
|  50|0x0000000085e00000, 0x0000000085e00000, 0x0000000085f00000|  0%| F|  |TAMS 0x0000000085e00000, 0x0000000085e00000| Untracked 
|  51|0x0000000085f00000, 0x0000000085f00000, 0x0000000086000000|  0%| F|  |TAMS 0x0000000085f00000, 0x0000000085f00000| Untracked 
|  52|0x0000000086000000, 0x0000000086000000, 0x0000000086100000|  0%| F|  |TAMS 0x0000000086000000, 0x0000000086000000| Untracked 
|  53|0x0000000086100000, 0x0000000086100000, 0x0000000086200000|  0%| F|  |TAMS 0x0000000086100000, 0x0000000086100000| Untracked 
|  54|0x0000000086200000, 0x0000000086200000, 0x0000000086300000|  0%| F|  |TAMS 0x0000000086200000, 0x0000000086200000| Untracked 
|  55|0x0000000086300000, 0x0000000086300000, 0x0000000086400000|  0%| F|  |TAMS 0x0000000086300000, 0x0000000086300000| Untracked 
|  56|0x0000000086400000, 0x0000000086400000, 0x0000000086500000|  0%| F|  |TAMS 0x0000000086400000, 0x0000000086400000| Untracked 
|  57|0x0000000086500000, 0x0000000086500000, 0x0000000086600000|  0%| F|  |TAMS 0x0000000086500000, 0x0000000086500000| Untracked 
|  58|0x0000000086600000, 0x0000000086600000, 0x0000000086700000|  0%| F|  |TAMS 0x0000000086600000, 0x0000000086600000| Untracked 
|  59|0x0000000086700000, 0x0000000086700000, 0x0000000086800000|  0%| F|  |TAMS 0x0000000086700000, 0x0000000086700000| Untracked 
|  60|0x0000000086800000, 0x0000000086800000, 0x0000000086900000|  0%| F|  |TAMS 0x0000000086800000, 0x0000000086800000| Untracked 
|  61|0x0000000086900000, 0x0000000086900000, 0x0000000086a00000|  0%| F|  |TAMS 0x0000000086900000, 0x0000000086900000| Untracked 
|  62|0x0000000086a00000, 0x0000000086a00000, 0x0000000086b00000|  0%| F|  |TAMS 0x0000000086a00000, 0x0000000086a00000| Untracked 
|  63|0x0000000086b00000, 0x0000000086b00000, 0x0000000086c00000|  0%| F|  |TAMS 0x0000000086b00000, 0x0000000086b00000| Untracked 
|  64|0x0000000086c00000, 0x0000000086c00000, 0x0000000086d00000|  0%| F|  |TAMS 0x0000000086c00000, 0x0000000086c00000| Untracked 
|  65|0x0000000086d00000, 0x0000000086d00000, 0x0000000086e00000|  0%| F|  |TAMS 0x0000000086d00000, 0x0000000086d00000| Untracked 
|  66|0x0000000086e00000, 0x0000000086e00000, 0x0000000086f00000|  0%| F|  |TAMS 0x0000000086e00000, 0x0000000086e00000| Untracked 
|  67|0x0000000086f00000, 0x0000000086f00000, 0x0000000087000000|  0%| F|  |TAMS 0x0000000086f00000, 0x0000000086f00000| Untracked 
|  68|0x0000000087000000, 0x0000000087000000, 0x0000000087100000|  0%| F|  |TAMS 0x0000000087000000, 0x0000000087000000| Untracked 
|  69|0x0000000087100000, 0x0000000087100000, 0x0000000087200000|  0%| F|  |TAMS 0x0000000087100000, 0x0000000087100000| Untracked 
|  70|0x0000000087200000, 0x0000000087200000, 0x0000000087300000|  0%| F|  |TAMS 0x0000000087200000, 0x0000000087200000| Untracked 
|  71|0x0000000087300000, 0x0000000087300000, 0x0000000087400000|  0%| F|  |TAMS 0x0000000087300000, 0x0000000087300000| Untracked 
|  72|0x0000000087400000, 0x0000000087400000, 0x0000000087500000|  0%| F|  |TAMS 0x0000000087400000, 0x0000000087400000| Untracked 
|  73|0x0000000087500000, 0x0000000087500000, 0x0000000087600000|  0%| F|  |TAMS 0x0000000087500000, 0x0000000087500000| Untracked 
|  74|0x0000000087600000, 0x0000000087600000, 0x0000000087700000|  0%| F|  |TAMS 0x0000000087600000, 0x0000000087600000| Untracked 
|  75|0x0000000087700000, 0x0000000087700000, 0x0000000087800000|  0%| F|  |TAMS 0x0000000087700000, 0x0000000087700000| Untracked 
|  76|0x0000000087800000, 0x0000000087800000, 0x0000000087900000|  0%| F|  |TAMS 0x0000000087800000, 0x0000000087800000| Untracked 
|  77|0x0000000087900000, 0x0000000087900000, 0x0000000087a00000|  0%| F|  |TAMS 0x0000000087900000, 0x0000000087900000| Untracked 
|  78|0x0000000087a00000, 0x0000000087a00000, 0x0000000087b00000|  0%| F|  |TAMS 0x0000000087a00000, 0x0000000087a00000| Untracked 
|  79|0x0000000087b00000, 0x0000000087b00000, 0x0000000087c00000|  0%| F|  |TAMS 0x0000000087b00000, 0x0000000087b00000| Untracked 
|  80|0x0000000087c00000, 0x0000000087c00000, 0x0000000087d00000|  0%| F|  |TAMS 0x0000000087c00000, 0x0000000087c00000| Untracked 
|  81|0x0000000087d00000, 0x0000000087d00000, 0x0000000087e00000|  0%| F|  |TAMS 0x0000000087d00000, 0x0000000087d00000| Untracked 
|  82|0x0000000087e00000, 0x0000000087e00000, 0x0000000087f00000|  0%| F|  |TAMS 0x0000000087e00000, 0x0000000087e00000| Untracked 
|  83|0x0000000087f00000, 0x0000000087f00000, 0x0000000088000000|  0%| F|  |TAMS 0x0000000087f00000, 0x0000000087f00000| Untracked 
|  84|0x0000000088000000, 0x0000000088000000, 0x0000000088100000|  0%| F|  |TAMS 0x0000000088000000, 0x0000000088000000| Untracked 
|  85|0x0000000088100000, 0x0000000088100000, 0x0000000088200000|  0%| F|  |TAMS 0x0000000088100000, 0x0000000088100000| Untracked 
|  86|0x0000000088200000, 0x0000000088200000, 0x0000000088300000|  0%| F|  |TAMS 0x0000000088200000, 0x0000000088200000| Untracked 
|  87|0x0000000088300000, 0x0000000088300000, 0x0000000088400000|  0%| F|  |TAMS 0x0000000088300000, 0x0000000088300000| Untracked 
|  88|0x0000000088400000, 0x0000000088400000, 0x0000000088500000|  0%| F|  |TAMS 0x0000000088400000, 0x0000000088400000| Untracked 
|  89|0x0000000088500000, 0x0000000088500000, 0x0000000088600000|  0%| F|  |TAMS 0x0000000088500000, 0x0000000088500000| Untracked 
|  90|0x0000000088600000, 0x0000000088600000, 0x0000000088700000|  0%| F|  |TAMS 0x0000000088600000, 0x0000000088600000| Untracked 
|  91|0x0000000088700000, 0x000000008876acc0, 0x0000000088800000| 41%| S|CS|TAMS 0x0000000088700000, 0x0000000088700000| Complete 
|  92|0x0000000088800000, 0x0000000088900000, 0x0000000088900000|100%| S|CS|TAMS 0x0000000088800000, 0x0000000088800000| Complete 
|  93|0x0000000088900000, 0x0000000088a00000, 0x0000000088a00000|100%| S|CS|TAMS 0x0000000088900000, 0x0000000088900000| Complete 
|  94|0x0000000088a00000, 0x0000000088b00000, 0x0000000088b00000|100%| S|CS|TAMS 0x0000000088a00000, 0x0000000088a00000| Complete 
|  95|0x0000000088b00000, 0x0000000088b00000, 0x0000000088c00000|  0%| F|  |TAMS 0x0000000088b00000, 0x0000000088b00000| Untracked 
|  96|0x0000000088c00000, 0x0000000088c00000, 0x0000000088d00000|  0%| F|  |TAMS 0x0000000088c00000, 0x0000000088c00000| Untracked 
|  97|0x0000000088d00000, 0x0000000088d00000, 0x0000000088e00000|  0%| F|  |TAMS 0x0000000088d00000, 0x0000000088d00000| Untracked 
|  98|0x0000000088e00000, 0x0000000088e00000, 0x0000000088f00000|  0%| F|  |TAMS 0x0000000088e00000, 0x0000000088e00000| Untracked 
|  99|0x0000000088f00000, 0x0000000088f00000, 0x0000000089000000|  0%| F|  |TAMS 0x0000000088f00000, 0x0000000088f00000| Untracked 
| 100|0x0000000089000000, 0x0000000089000000, 0x0000000089100000|  0%| F|  |TAMS 0x0000000089000000, 0x0000000089000000| Untracked 
| 101|0x0000000089100000, 0x0000000089100000, 0x0000000089200000|  0%| F|  |TAMS 0x0000000089100000, 0x0000000089100000| Untracked 
| 102|0x0000000089200000, 0x0000000089200000, 0x0000000089300000|  0%| F|  |TAMS 0x0000000089200000, 0x0000000089200000| Untracked 
| 103|0x0000000089300000, 0x0000000089300000, 0x0000000089400000|  0%| F|  |TAMS 0x0000000089300000, 0x0000000089300000| Untracked 
| 104|0x0000000089400000, 0x0000000089400000, 0x0000000089500000|  0%| F|  |TAMS 0x0000000089400000, 0x0000000089400000| Untracked 
| 105|0x0000000089500000, 0x0000000089500000, 0x0000000089600000|  0%| F|  |TAMS 0x0000000089500000, 0x0000000089500000| Untracked 
| 106|0x0000000089600000, 0x0000000089600000, 0x0000000089700000|  0%| F|  |TAMS 0x0000000089600000, 0x0000000089600000| Untracked 
| 107|0x0000000089700000, 0x0000000089700000, 0x0000000089800000|  0%| F|  |TAMS 0x0000000089700000, 0x0000000089700000| Untracked 
| 108|0x0000000089800000, 0x000000008987d888, 0x0000000089900000| 49%| E|  |TAMS 0x0000000089800000, 0x0000000089800000| Complete 
| 109|0x0000000089900000, 0x0000000089a00000, 0x0000000089a00000|100%| E|CS|TAMS 0x0000000089900000, 0x0000000089900000| Complete 
| 110|0x0000000089a00000, 0x0000000089b00000, 0x0000000089b00000|100%| E|CS|TAMS 0x0000000089a00000, 0x0000000089a00000| Complete 
| 111|0x0000000089b00000, 0x0000000089c00000, 0x0000000089c00000|100%| E|CS|TAMS 0x0000000089b00000, 0x0000000089b00000| Complete 
| 112|0x0000000089c00000, 0x0000000089d00000, 0x0000000089d00000|100%| E|CS|TAMS 0x0000000089c00000, 0x0000000089c00000| Complete 
| 113|0x0000000089d00000, 0x0000000089e00000, 0x0000000089e00000|100%| E|CS|TAMS 0x0000000089d00000, 0x0000000089d00000| Complete 
| 114|0x0000000089e00000, 0x0000000089f00000, 0x0000000089f00000|100%| E|CS|TAMS 0x0000000089e00000, 0x0000000089e00000| Complete 
| 115|0x0000000089f00000, 0x000000008a000000, 0x000000008a000000|100%| E|CS|TAMS 0x0000000089f00000, 0x0000000089f00000| Complete 
| 116|0x000000008a000000, 0x000000008a100000, 0x000000008a100000|100%| E|CS|TAMS 0x000000008a000000, 0x000000008a000000| Complete 
| 117|0x000000008a100000, 0x000000008a200000, 0x000000008a200000|100%| E|CS|TAMS 0x000000008a100000, 0x000000008a100000| Complete 
| 118|0x000000008a200000, 0x000000008a300000, 0x000000008a300000|100%| E|CS|TAMS 0x000000008a200000, 0x000000008a200000| Complete 
| 119|0x000000008a300000, 0x000000008a400000, 0x000000008a400000|100%| E|CS|TAMS 0x000000008a300000, 0x000000008a300000| Complete 
| 120|0x000000008a400000, 0x000000008a500000, 0x000000008a500000|100%| E|CS|TAMS 0x000000008a400000, 0x000000008a400000| Complete 
| 121|0x000000008a500000, 0x000000008a600000, 0x000000008a600000|100%| E|CS|TAMS 0x000000008a500000, 0x000000008a500000| Complete 
| 122|0x000000008a600000, 0x000000008a700000, 0x000000008a700000|100%| E|CS|TAMS 0x000000008a600000, 0x000000008a600000| Complete 
| 123|0x000000008a700000, 0x000000008a800000, 0x000000008a800000|100%| E|CS|TAMS 0x000000008a700000, 0x000000008a700000| Complete 
| 124|0x000000008a800000, 0x000000008a900000, 0x000000008a900000|100%| E|CS|TAMS 0x000000008a800000, 0x000000008a800000| Complete 
| 125|0x000000008a900000, 0x000000008aa00000, 0x000000008aa00000|100%| E|  |TAMS 0x000000008a900000, 0x000000008a900000| Complete 

Card table byte_map: [0x00000230f2480000,0x00000230f2870000] _byte_map_base: 0x00000230f206a000

Marking Bits (Prev, Next): (CMBitMap*) 0x00000230db1a67a0, (CMBitMap*) 0x00000230db1a67e0
 Prev Bits: [0x00000230f2c60000, 0x00000230f4bb0000)
 Next Bits: [0x00000230f4bb0000, 0x00000230f6b00000)

Polling page: 0x00000230d90b0000

Metaspace:

Usage:
  Non-class:     15.82 MB used.
      Class:      2.11 MB used.
       Both:     17.93 MB used.

Virtual space:
  Non-class space:       64.00 MB reserved,      16.00 MB ( 25%) committed,  1 nodes.
      Class space:        1.00 GB reserved,       2.25 MB ( <1%) committed,  1 nodes.
             Both:        1.06 GB reserved,      18.25 MB (  2%) committed. 

Chunk freelists:
   Non-Class:  48.00 KB
       Class:  1.80 MB
        Both:  1.84 MB

MaxMetaspaceSize: unlimited
CompressedClassSpaceSize: 1.00 GB
Initial GC threshold: 21.00 MB
Current GC threshold: 21.00 MB
CDS: on
MetaspaceReclaimPolicy: balanced
 - commit_granule_bytes: 65536.
 - commit_granule_words: 8192.
 - virtual_space_node_default_size: 8388608.
 - enlarge_chunks_in_place: 1.
 - new_chunks_are_fully_committed: 0.
 - uncommit_free_chunks: 1.
 - use_allocation_guard: 0.


Internal statistics:

num_allocs_failed_limit: 0.
num_arena_births: 272.
num_arena_deaths: 0.
num_vsnodes_births: 2.
num_vsnodes_deaths: 0.
num_space_committed: 292.
num_space_uncommitted: 0.
num_chunks_returned_to_freelist: 0.
num_chunks_taken_from_freelist: 847.
num_chunk_merges: 0.
num_chunk_splits: 586.
num_chunks_enlarged: 466.
num_inconsistent_stats: 0.

CodeHeap 'non-profiled nmethods': size=120000Kb used=913Kb max_used=913Kb free=119086Kb
 bounds [0x00000230eab60000, 0x00000230eadd0000, 0x00000230f2090000]
CodeHeap 'profiled nmethods': size=120000Kb used=4757Kb max_used=4757Kb free=115242Kb
 bounds [0x00000230e3090000, 0x00000230e3540000, 0x00000230ea5c0000]
CodeHeap 'non-nmethods': size=5760Kb used=1290Kb max_used=1338Kb free=4469Kb
 bounds [0x00000230ea5c0000, 0x00000230ea830000, 0x00000230eab60000]
 total_blobs=2940 nmethods=2435 adapters=415
 compilation: enabled
              stopped_count=0, restarted_count=0
 full_count=0

Compilation events (20 events):
Event: 2.492 Thread 0x00000230f903b410 nmethod 2415 0x00000230e351ef10 code [0x00000230e351f0c0, 0x00000230e351f2f8]
Event: 2.492 Thread 0x00000230f903b410 2414       3       org.springframework.core.annotation.MergedAnnotationsCollection::of (28 bytes)
Event: 2.492 Thread 0x00000230f903b410 nmethod 2414 0x00000230e351f410 code [0x00000230e351f600, 0x00000230e351fa28]
Event: 2.492 Thread 0x00000230f903b410 2416       3       org.springframework.core.type.classreading.SimpleMethodMetadataReadingVisitor::getSource (36 bytes)
Event: 2.493 Thread 0x00000230f903b410 nmethod 2416 0x00000230e351fb90 code [0x00000230e351fd40, 0x00000230e3520138]
Event: 2.493 Thread 0x00000230f903b410 2417       1       org.springframework.core.type.classreading.SimpleMetadataReader::getAnnotationMetadata (5 bytes)
Event: 2.493 Thread 0x00000230f903b410 nmethod 2417 0x00000230eac3ba10 code [0x00000230eac3bba0, 0x00000230eac3bc58]
Event: 2.493 Thread 0x00000230f903b410 2418       3       java.net.URL::isValidProtocol (78 bytes)
Event: 2.494 Thread 0x00000230f903b410 nmethod 2418 0x00000230e3520210 code [0x00000230e3520520, 0x00000230e35217d8]
Event: 2.494 Thread 0x00000230f903b410 2419       3       java.util.ArrayDeque::removeFirst (19 bytes)
Event: 2.495 Thread 0x00000230f903b410 nmethod 2419 0x00000230e3521e90 code [0x00000230e3522060, 0x00000230e3522338]
Event: 2.497 Thread 0x00000230f903b410 2420       3       java.lang.Class$ReflectionData::<init> (10 bytes)
Event: 2.497 Thread 0x00000230f903b410 nmethod 2420 0x00000230e3522490 code [0x00000230e3522640, 0x00000230e35227b8]
Event: 2.497 Thread 0x00000230f903b410 2421       3       java.lang.Class$Atomic::casReflectionData (13 bytes)
Event: 2.497 Thread 0x00000230f903b410 nmethod 2421 0x00000230e3522890 code [0x00000230e3522a20, 0x00000230e3522b78]
Event: 2.498 Thread 0x00000230f903b410 2422       3       java.lang.Class::isEnum (27 bytes)
Event: 2.498 Thread 0x00000230f903b410 nmethod 2422 0x00000230e3522c10 code [0x00000230e3522dc0, 0x00000230e3522fc8]
Event: 2.499 Thread 0x00000230f903b410 2423       3       org.springframework.core.annotation.TypeMappedAnnotation::getType (8 bytes)
Event: 2.499 Thread 0x00000230f903b410 nmethod 2423 0x00000230e3523090 code [0x00000230e3523220, 0x00000230e3523358]
Event: 2.504 Thread 0x00000230f903b410 2424       3       org.springframework.asm.ClassReader::readMethod (1061 bytes)

GC Heap History (6 events):
Event: 0.708 GC heap before
{Heap before GC invocations=0 (full 0):
 garbage-first heap   total 129024K, used 13312K [0x0000000082c00000, 0x0000000100000000)
  region size 1024K, 13 young (13312K), 0 survivors (0K)
 Metaspace       used 3414K, committed 3648K, reserved 1114112K
  class space    used 342K, committed 448K, reserved 1048576K
}
Event: 0.714 GC heap after
{Heap after GC invocations=1 (full 0):
 garbage-first heap   total 129024K, used 5864K [0x0000000082c00000, 0x0000000100000000)
  region size 1024K, 2 young (2048K), 2 survivors (2048K)
 Metaspace       used 3414K, committed 3648K, reserved 1114112K
  class space    used 342K, committed 448K, reserved 1048576K
}
Event: 1.210 GC heap before
{Heap before GC invocations=1 (full 0):
 garbage-first heap   total 129024K, used 18152K [0x0000000082c00000, 0x0000000100000000)
  region size 1024K, 15 young (15360K), 2 survivors (2048K)
 Metaspace       used 6990K, committed 7232K, reserved 1114112K
  class space    used 771K, committed 896K, reserved 1048576K
}
Event: 1.215 GC heap after
{Heap after GC invocations=2 (full 0):
 garbage-first heap   total 129024K, used 7273K [0x0000000082c00000, 0x0000000100000000)
  region size 1024K, 2 young (2048K), 2 survivors (2048K)
 Metaspace       used 6990K, committed 7232K, reserved 1114112K
  class space    used 771K, committed 896K, reserved 1048576K
}
Event: 1.975 GC heap before
{Heap before GC invocations=2 (full 0):
 garbage-first heap   total 129024K, used 35945K [0x0000000082c00000, 0x0000000100000000)
  region size 1024K, 31 young (31744K), 2 survivors (2048K)
 Metaspace       used 14886K, committed 15168K, reserved 1114112K
  class space    used 1720K, committed 1856K, reserved 1048576K
}
Event: 1.982 GC heap after
{Heap after GC invocations=3 (full 0):
 garbage-first heap   total 129024K, used 9537K [0x0000000082c00000, 0x0000000100000000)
  region size 1024K, 4 young (4096K), 4 survivors (4096K)
 Metaspace       used 14886K, committed 15168K, reserved 1114112K
  class space    used 1720K, committed 1856K, reserved 1048576K
}

Dll operation events (13 events):
Event: 0.015 Loaded shared library C:\Program Files\Java\jdk-19\bin\java.dll
Event: 0.029 Loaded shared library C:\Program Files\Java\jdk-19\bin\jsvml.dll
Event: 0.172 Loaded shared library C:\Program Files\Java\jdk-19\bin\zip.dll
Event: 0.176 Loaded shared library C:\Program Files\Java\jdk-19\bin\instrument.dll
Event: 0.184 Loaded shared library C:\Program Files\Java\jdk-19\bin\net.dll
Event: 0.186 Loaded shared library C:\Program Files\Java\jdk-19\bin\nio.dll
Event: 0.191 Loaded shared library C:\Program Files\Java\jdk-19\bin\zip.dll
Event: 0.317 Loaded shared library C:\Program Files\JetBrains\IntelliJ IDEA Community Edition 2023.3.2\bin\breakgen64.dll
Event: 0.332 Loaded shared library C:\Program Files\Java\jdk-19\bin\extnet.dll
Event: 0.381 Loaded shared library C:\Program Files\Java\jdk-19\bin\jimage.dll
Event: 0.849 Loaded shared library C:\Program Files\Java\jdk-19\bin\management.dll
Event: 0.852 Loaded shared library C:\Program Files\Java\jdk-19\bin\management_ext.dll
Event: 2.186 Loaded shared library C:\Program Files\Java\jdk-19\bin\sunmscapi.dll

Deoptimization events (20 events):
Event: 2.268 Thread 0x00000230fdfea720 DEOPT PACKING pc=0x00000230e31c11de sp=0x000000ee9eafe2e0
Event: 2.268 Thread 0x00000230fdfea720 DEOPT UNPACKING pc=0x00000230ea627543 sp=0x000000ee9eafd7c8 mode 0
Event: 2.268 Thread 0x00000230fdfea720 DEOPT PACKING pc=0x00000230e31c9751 sp=0x000000ee9eafe2d0
Event: 2.268 Thread 0x00000230fdfea720 DEOPT UNPACKING pc=0x00000230ea627543 sp=0x000000ee9eafd7c0 mode 0
Event: 2.268 Thread 0x00000230fdfea720 DEOPT PACKING pc=0x00000230e31c11de sp=0x000000ee9eafe2e0
Event: 2.268 Thread 0x00000230fdfea720 DEOPT UNPACKING pc=0x00000230ea627543 sp=0x000000ee9eafd7c8 mode 0
Event: 2.269 Thread 0x00000230fdfea720 DEOPT PACKING pc=0x00000230e31c9751 sp=0x000000ee9eafe2d0
Event: 2.269 Thread 0x00000230fdfea720 DEOPT UNPACKING pc=0x00000230ea627543 sp=0x000000ee9eafd7c0 mode 0
Event: 2.269 Thread 0x00000230fdfea720 DEOPT PACKING pc=0x00000230e31c11de sp=0x000000ee9eafe2e0
Event: 2.269 Thread 0x00000230fdfea720 DEOPT UNPACKING pc=0x00000230ea627543 sp=0x000000ee9eafd7c8 mode 0
Event: 2.269 Thread 0x00000230fdfea720 DEOPT PACKING pc=0x00000230e31c9751 sp=0x000000ee9eafe2d0
Event: 2.269 Thread 0x00000230fdfea720 DEOPT UNPACKING pc=0x00000230ea627543 sp=0x000000ee9eafd7c0 mode 0
Event: 2.269 Thread 0x00000230fdfea720 DEOPT PACKING pc=0x00000230e31c11de sp=0x000000ee9eafe2e0
Event: 2.270 Thread 0x00000230fdfea720 DEOPT UNPACKING pc=0x00000230ea627543 sp=0x000000ee9eafd7c8 mode 0
Event: 2.270 Thread 0x00000230fdfea720 DEOPT PACKING pc=0x00000230e31c9751 sp=0x000000ee9eafe2d0
Event: 2.270 Thread 0x00000230fdfea720 DEOPT UNPACKING pc=0x00000230ea627543 sp=0x000000ee9eafd7c0 mode 0
Event: 2.270 Thread 0x00000230fdfea720 DEOPT PACKING pc=0x00000230e31c11de sp=0x000000ee9eafe2e0
Event: 2.270 Thread 0x00000230fdfea720 DEOPT UNPACKING pc=0x00000230ea627543 sp=0x000000ee9eafd7c8 mode 0
Event: 2.270 Thread 0x00000230fdfea720 DEOPT PACKING pc=0x00000230e31c9751 sp=0x000000ee9eafe2d0
Event: 2.270 Thread 0x00000230fdfea720 DEOPT UNPACKING pc=0x00000230ea627543 sp=0x000000ee9eafd7c0 mode 0

Classes loaded (20 events):
Event: 2.239 Loading class javax/security/auth/login/FailedLoginException
Event: 2.239 Loading class javax/security/auth/login/FailedLoginException done
Event: 2.239 Loading class javax/security/auth/Subject
Event: 2.240 Loading class javax/security/auth/Subject done
Event: 2.240 Loading class javax/security/auth/callback/CallbackHandler
Event: 2.240 Loading class javax/security/auth/callback/CallbackHandler done
Event: 2.244 Loading class com/sun/security/sasl/Provider
Event: 2.244 Loading class com/sun/security/sasl/Provider done
Event: 2.244 Loading class com/sun/security/sasl/Provider$1
Event: 2.244 Loading class com/sun/security/sasl/Provider$1 done
Event: 2.244 Loading class com/sun/security/sasl/Provider$ProviderService
Event: 2.245 Loading class com/sun/security/sasl/Provider$ProviderService done
Event: 2.245 Loading class sun/security/provider/certpath/ldap/JdkLDAP
Event: 2.245 Loading class sun/security/provider/certpath/ldap/JdkLDAP done
Event: 2.245 Loading class sun/security/provider/certpath/ldap/JdkLDAP$ProviderService
Event: 2.245 Loading class sun/security/provider/certpath/ldap/JdkLDAP$ProviderService done
Event: 2.333 Loading class javax/naming/ldap/LdapContext
Event: 2.333 Loading class javax/naming/directory/DirContext
Event: 2.333 Loading class javax/naming/directory/DirContext done
Event: 2.333 Loading class javax/naming/ldap/LdapContext done

Classes unloaded (0 events):
No events

Classes redefined (0 events):
No events

Internal exceptions (20 events):
Event: 1.442 Thread 0x00000230fdfea720 Exception <a 'java/lang/NoSuchMethodError'{0x000000008a4e91b0}: 'void java.lang.invoke.DirectMethodHandle$Holder.invokeInterface(java.lang.Object, java.lang.Object, java.lang.Object)'> (0x000000008a4e91b0) 
thrown [s\open\src\hotspot\share\interpreter\linkResolver.cpp, line 774]
Event: 1.473 Thread 0x00000230fdfea720 Exception <a 'java/lang/NoSuchMethodError'{0x000000008a38c8f8}: 'void java.lang.invoke.DirectMethodHandle$Holder.invokeStaticInit(java.lang.Object, java.lang.Object, java.lang.Object)'> (0x000000008a38c8f8) 
thrown [s\open\src\hotspot\share\interpreter\linkResolver.cpp, line 774]
Event: 1.481 Thread 0x00000230fdfea720 Exception <a 'java/lang/NoSuchMethodError'{0x000000008a3d1c90}: 'java.lang.Object java.lang.invoke.DirectMethodHandle$Holder.invokeStatic(java.lang.Object, long, java.lang.Object)'> (0x000000008a3d1c90) 
thrown [s\open\src\hotspot\share\interpreter\linkResolver.cpp, line 774]
Event: 1.482 Thread 0x00000230fdfea720 Exception <a 'java/lang/NoSuchMethodError'{0x000000008a3d57f8}: 'java.lang.Object java.lang.invoke.DirectMethodHandle$Holder.invokeStaticInit(java.lang.Object, long, java.lang.Object)'> (0x000000008a3d57f8) 
thrown [s\open\src\hotspot\share\interpreter\linkResolver.cpp, line 774]
Event: 1.482 Thread 0x00000230fdfea720 Exception <a 'java/lang/NoSuchMethodError'{0x000000008a3db7f0}: 'java.lang.Object java.lang.invoke.DirectMethodHandle$Holder.newInvokeSpecial(java.lang.Object, long)'> (0x000000008a3db7f0) 
thrown [s\open\src\hotspot\share\interpreter\linkResolver.cpp, line 774]
Event: 1.505 Thread 0x00000230fdfea720 Exception <a 'java/lang/NoSuchMethodError'{0x000000008a228298}: 'void java.lang.invoke.DirectMethodHandle$Holder.invokeSpecial(java.lang.Object, java.lang.Object, java.lang.Object, java.lang.Object, java.lang.Object)'> (0x000000008a228298) 
thrown [s\open\src\hotspot\share\interpreter\linkResolver.cpp, line 774]
Event: 1.506 Thread 0x00000230fdfea720 Exception <a 'java/lang/NoSuchMethodError'{0x000000008a230c80}: 'void java.lang.invoke.DirectMethodHandle$Holder.invokeVirtual(java.lang.Object, java.lang.Object, java.lang.Object, java.lang.Object)'> (0x000000008a230c80) 
thrown [s\open\src\hotspot\share\interpreter\linkResolver.cpp, line 774]
Event: 1.579 Thread 0x00000230fdfea720 Exception <a 'java/lang/IncompatibleClassChangeError'{0x000000008a198bf0}: Found class java.lang.Object, but interface was expected> (0x000000008a198bf0) 
thrown [s\open\src\hotspot\share\interpreter\linkResolver.cpp, line 841]
Event: 1.590 Thread 0x00000230fe3f97e0 Exception <a 'java/lang/NoClassDefFoundError'{0x000000008a1d0330}: jakarta/validation/Validation> (0x000000008a1d0330) 
thrown [s\open\src\hotspot\share\classfile\systemDictionary.cpp, line 244]
Event: 2.024 Thread 0x00000230fdfea720 Exception <a 'java/lang/NoSuchMethodError'{0x000000008a79a4e8}: 'java.lang.Object java.lang.invoke.DirectMethodHandle$Holder.invokeVirtual(java.lang.Object, java.lang.Object, java.lang.Object)'> (0x000000008a79a4e8) 
thrown [s\open\src\hotspot\share\interpreter\linkResolver.cpp, line 774]
Event: 2.040 Thread 0x00000230fdfea720 Exception <a 'sun/nio/fs/WindowsException'{0x000000008a7b31f0}> (0x000000008a7b31f0) 
thrown [s\open\src\hotspot\share\prims\jni.cpp, line 517]
Event: 2.042 Thread 0x00000230fdfea720 Exception <a 'java/lang/NoSuchMethodError'{0x000000008a7b4ac8}: 'int java.lang.invoke.DirectMethodHandle$Holder.invokeSpecial(java.lang.Object, java.lang.Object, java.lang.Object, java.lang.Object, java.lang.Object)'> (0x000000008a7b4ac8) 
thrown [s\open\src\hotspot\share\interpreter\linkResolver.cpp, line 774]
Event: 2.044 Thread 0x00000230fdfea720 Exception <a 'java/lang/NoSuchMethodError'{0x000000008a685bd0}: 'void java.lang.invoke.DirectMethodHandle$Holder.invokeVirtual(java.lang.Object, java.lang.Object)'> (0x000000008a685bd0) 
thrown [s\open\src\hotspot\share\interpreter\linkResolver.cpp, line 774]
Event: 2.061 Thread 0x00000230fe3f97e0 Exception <a 'java/lang/NoSuchMethodError'{0x000000008a513528}: 'long java.lang.invoke.DirectMethodHandle$Holder.invokeSpecial(java.lang.Object, java.lang.Object)'> (0x000000008a513528) 
thrown [s\open\src\hotspot\share\interpreter\linkResolver.cpp, line 774]
Event: 2.063 Thread 0x00000230fe3f97e0 Exception <a 'java/lang/NoSuchMethodError'{0x000000008a51e6a8}: 'long java.lang.invoke.DirectMethodHandle$Holder.invokeStatic(java.lang.Object, java.lang.Object)'> (0x000000008a51e6a8) 
thrown [s\open\src\hotspot\share\interpreter\linkResolver.cpp, line 774]
Event: 2.063 Thread 0x00000230fe3f97e0 Exception <a 'java/lang/NoSuchMethodError'{0x000000008a521cb0}: 'long java.lang.invoke.DirectMethodHandle$Holder.invokeStaticInit(java.lang.Object, java.lang.Object)'> (0x000000008a521cb0) 
thrown [s\open\src\hotspot\share\interpreter\linkResolver.cpp, line 774]
Event: 2.067 Thread 0x00000230fe3f97e0 Exception <a 'java/lang/NoSuchMethodError'{0x000000008a5b2098}: 'long java.lang.invoke.DirectMethodHandle$Holder.invokeInterface(java.lang.Object, java.lang.Object)'> (0x000000008a5b2098) 
thrown [s\open\src\hotspot\share\interpreter\linkResolver.cpp, line 774]
Event: 2.067 Thread 0x00000230fe3f97e0 Exception <a 'java/lang/IncompatibleClassChangeError'{0x000000008a5b5630}: Found class java.lang.Object, but interface was expected> (0x000000008a5b5630) 
thrown [s\open\src\hotspot\share\interpreter\linkResolver.cpp, line 841]
Event: 2.083 Thread 0x00000230fe3f97e0 Exception <a 'java/lang/NoSuchMethodError'{0x000000008a45c748}: 'java.lang.Object java.lang.invoke.DirectMethodHandle$Holder.invokeVirtual(java.lang.Object, java.lang.Object, java.lang.Object, java.lang.Object)'> (0x000000008a45c748) 
thrown [s\open\src\hotspot\share\interpreter\linkResolver.cpp, line 774]
Event: 2.420 Thread 0x00000230fdfea720 Exception <a 'java/lang/IncompatibleClassChangeError'{0x0000000089a2df38}: Found class java.lang.Object, but interface was expected> (0x0000000089a2df38) 
thrown [s\open\src\hotspot\share\interpreter\linkResolver.cpp, line 841]

VM Operations (20 events):
Event: 1.559 Executing VM operation: HandshakeAllThreads
Event: 1.559 Executing VM operation: HandshakeAllThreads done
Event: 1.565 Executing VM operation: HandshakeAllThreads
Event: 1.565 Executing VM operation: HandshakeAllThreads done
Event: 1.565 Executing VM operation: HandshakeAllThreads
Event: 1.565 Executing VM operation: HandshakeAllThreads done
Event: 1.698 Executing VM operation: ICBufferFull
Event: 1.698 Executing VM operation: ICBufferFull done
Event: 1.823 Executing VM operation: HandshakeAllThreads
Event: 1.823 Executing VM operation: HandshakeAllThreads done
Event: 1.917 Executing VM operation: HandshakeAllThreads
Event: 1.917 Executing VM operation: HandshakeAllThreads done
Event: 1.975 Executing VM operation: G1CollectForAllocation
Event: 1.982 Executing VM operation: G1CollectForAllocation done
Event: 2.002 Executing VM operation: HandshakeAllThreads
Event: 2.002 Executing VM operation: HandshakeAllThreads done
Event: 2.152 Executing VM operation: HandshakeAllThreads
Event: 2.152 Executing VM operation: HandshakeAllThreads done
Event: 2.202 Executing VM operation: HandshakeAllThreads
Event: 2.202 Executing VM operation: HandshakeAllThreads done

Events (20 events):
Event: 0.029 Thread 0x00000230db145fb0 Thread added: 0x00000230db145fb0
Event: 0.047 Thread 0x00000230f8fd6a30 Thread added: 0x00000230f8fd6a30
Event: 0.047 Thread 0x00000230f8fd79c0 Thread added: 0x00000230f8fd79c0
Event: 0.048 Thread 0x00000230f8fdcc10 Thread added: 0x00000230f8fdcc10
Event: 0.048 Thread 0x00000230f8fe2810 Thread added: 0x00000230f8fe2810
Event: 0.048 Thread 0x00000230f8fe38e0 Thread added: 0x00000230f8fe38e0
Event: 0.049 Thread 0x00000230f8fe4210 Thread added: 0x00000230f8fe4210
Event: 0.049 Thread 0x00000230f8fe5e80 Thread added: 0x00000230f8fe5e80
Event: 0.050 Thread 0x00000230f903b410 Thread added: 0x00000230f903b410
Event: 0.052 Thread 0x00000230fd42e880 Thread added: 0x00000230fd42e880
Event: 0.146 Thread 0x00000230f8fae7d0 Thread added: 0x00000230f8fae7d0
Event: 0.318 Thread 0x00000230fd706940 Thread added: 0x00000230fd706940
Event: 0.318 Thread 0x00000230fd622e50 Thread added: 0x00000230fd622e50
Event: 0.537 Thread 0x00000230fd9d3550 Thread added: 0x00000230fd9d3550
Event: 0.946 Thread 0x00000230fdfe9d60 Thread added: 0x00000230fdfe9d60
Event: 0.950 Thread 0x00000230fdfea720 Thread added: 0x00000230fdfea720
Event: 1.575 Thread 0x00000230fe3f97e0 Thread added: 0x00000230fe3f97e0
Event: 2.248 Thread 0x00000230fe3f97e0 Thread exited: 0x00000230fe3f97e0
Event: 2.275 Thread 0x00000230fe3f97e0 Thread added: 0x00000230fe3f97e0
Event: 2.386 Thread 0x00000230fe3f97e0 Thread exited: 0x00000230fe3f97e0


Dynamic libraries:
0x00007ff7bef70000 - 0x00007ff7bef80000 	C:\Program Files\Java\jdk-19\bin\java.exe
0x00007fff728b0000 - 0x00007fff72ac7000 	C:\WINDOWS\SYSTEM32\ntdll.dll
0x00007fff718c0000 - 0x00007fff71984000 	C:\WINDOWS\System32\KERNEL32.DLL
0x00007fff70130000 - 0x00007fff704d6000 	C:\WINDOWS\System32\KERNELBASE.dll
0x00007fff6fe30000 - 0x00007fff6ff41000 	C:\WINDOWS\System32\ucrtbase.dll
0x00007fff57910000 - 0x00007fff57928000 	C:\Program Files\Java\jdk-19\bin\jli.dll
0x00007fff570d0000 - 0x00007fff570eb000 	C:\Program Files\Java\jdk-19\bin\VCRUNTIME140.dll
0x00007fff71080000 - 0x00007fff71131000 	C:\WINDOWS\System32\ADVAPI32.dll
0x00007fff72580000 - 0x00007fff72627000 	C:\WINDOWS\System32\msvcrt.dll
0x00007fff70f40000 - 0x00007fff70fe5000 	C:\WINDOWS\System32\sechost.dll
0x00007fff70630000 - 0x00007fff70747000 	C:\WINDOWS\System32\RPCRT4.dll
0x00007fff726c0000 - 0x00007fff7286e000 	C:\WINDOWS\System32\USER32.dll
0x00007fff6fc20000 - 0x00007fff6fc46000 	C:\WINDOWS\System32\win32u.dll
0x00007fff70600000 - 0x00007fff70629000 	C:\WINDOWS\System32\GDI32.dll
0x00007fff56e20000 - 0x00007fff570b3000 	C:\WINDOWS\WinSxS\amd64_microsoft.windows.common-controls_6595b64144ccf1df_6.0.22621.2506_none_270c5ae97388e100\COMCTL32.dll
0x00007fff704e0000 - 0x00007fff705f8000 	C:\WINDOWS\System32\gdi32full.dll
0x00007fff6ff50000 - 0x00007fff6ffea000 	C:\WINDOWS\System32\msvcp_win.dll
0x00007fff644c0000 - 0x00007fff644ca000 	C:\WINDOWS\SYSTEM32\VERSION.dll
0x00007fff72310000 - 0x00007fff72341000 	C:\WINDOWS\System32\IMM32.DLL
0x00007fff570c0000 - 0x00007fff570cc000 	C:\Program Files\Java\jdk-19\bin\vcruntime140_1.dll
0x00007fff28580000 - 0x00007fff2860e000 	C:\Program Files\Java\jdk-19\bin\msvcp140.dll
0x00007ffefe480000 - 0x00007ffeff140000 	C:\Program Files\Java\jdk-19\bin\server\jvm.dll
0x00007fff503d0000 - 0x00007fff503d9000 	C:\WINDOWS\SYSTEM32\WSOCK32.dll
0x00007fff68620000 - 0x00007fff68654000 	C:\WINDOWS\SYSTEM32\WINMM.dll
0x00007fff71000000 - 0x00007fff71071000 	C:\WINDOWS\System32\WS2_32.dll
0x00007fff6ebe0000 - 0x00007fff6ebf8000 	C:\WINDOWS\SYSTEM32\kernel.appcore.dll
0x00007fff56df0000 - 0x00007fff56dfa000 	C:\Program Files\Java\jdk-19\bin\jimage.dll
0x00007fff6d5f0000 - 0x00007fff6d823000 	C:\WINDOWS\SYSTEM32\DBGHELP.DLL
0x00007fff70ad0000 - 0x00007fff70e59000 	C:\WINDOWS\System32\combase.dll
0x00007fff72450000 - 0x00007fff72527000 	C:\WINDOWS\System32\OLEAUT32.dll
0x00007fff4ff30000 - 0x00007fff4ff62000 	C:\WINDOWS\SYSTEM32\dbgcore.DLL
0x00007fff6fff0000 - 0x00007fff7006a000 	C:\WINDOWS\System32\bcryptPrimitives.dll
0x00007fff57930000 - 0x00007fff5793e000 	C:\Program Files\Java\jdk-19\bin\instrument.dll
0x00007fff56220000 - 0x00007fff56246000 	C:\Program Files\Java\jdk-19\bin\java.dll
0x00007fff26b10000 - 0x00007fff26be7000 	C:\Program Files\Java\jdk-19\bin\jsvml.dll
0x00007fff71a90000 - 0x00007fff722ea000 	C:\WINDOWS\System32\SHELL32.dll
0x00007fff6daf0000 - 0x00007fff6e3e6000 	C:\WINDOWS\SYSTEM32\windows.storage.dll
0x00007fff6d9b0000 - 0x00007fff6daee000 	C:\WINDOWS\SYSTEM32\wintypes.dll
0x00007fff712e0000 - 0x00007fff713d3000 	C:\WINDOWS\System32\SHCORE.dll
0x00007fff71860000 - 0x00007fff718be000 	C:\WINDOWS\System32\shlwapi.dll
0x00007fff6fb50000 - 0x00007fff6fb76000 	C:\WINDOWS\SYSTEM32\profapi.dll
0x00007fff55c00000 - 0x00007fff55c18000 	C:\Program Files\Java\jdk-19\bin\zip.dll
0x00007fff56c30000 - 0x00007fff56c43000 	C:\Program Files\Java\jdk-19\bin\net.dll
0x00007fff6c290000 - 0x00007fff6c3c7000 	C:\WINDOWS\SYSTEM32\WINHTTP.dll
0x00007fff6f060000 - 0x00007fff6f0c9000 	C:\WINDOWS\system32\mswsock.dll
0x00007fff55e40000 - 0x00007fff55e56000 	C:\Program Files\Java\jdk-19\bin\nio.dll
0x00007fff50740000 - 0x00007fff5075a000 	C:\Program Files\JetBrains\IntelliJ IDEA Community Edition 2023.3.2\bin\breakgen64.dll
0x00007fff568a0000 - 0x00007fff568a8000 	C:\Program Files\Java\jdk-19\bin\extnet.dll
0x00007fff57950000 - 0x00007fff5795a000 	C:\Program Files\Java\jdk-19\bin\management.dll
0x00007fff57940000 - 0x00007fff5794b000 	C:\Program Files\Java\jdk-19\bin\management_ext.dll
0x00007fff72440000 - 0x00007fff72448000 	C:\WINDOWS\System32\PSAPI.DLL
0x00007fff56de0000 - 0x00007fff56dee000 	C:\Program Files\Java\jdk-19\bin\sunmscapi.dll
0x00007fff6fc50000 - 0x00007fff6fdb6000 	C:\WINDOWS\System32\CRYPT32.dll
0x00007fff6f4b0000 - 0x00007fff6f4dd000 	C:\WINDOWS\SYSTEM32\ncrypt.dll
0x00007fff6f470000 - 0x00007fff6f4a7000 	C:\WINDOWS\SYSTEM32\NTASN1.dll

dbghelp: loaded successfully - version: 4.0.5 - missing functions: none
symbol engine: initialized successfully - sym options: 0x614 - pdb path: .;C:\Program Files\Java\jdk-19\bin;C:\WINDOWS\SYSTEM32;C:\WINDOWS\WinSxS\amd64_microsoft.windows.common-controls_6595b64144ccf1df_6.0.22621.2506_none_270c5ae97388e100;C:\Program Files\Java\jdk-19\bin\server;C:\Program Files\JetBrains\IntelliJ IDEA Community Edition 2023.3.2\bin

VM Arguments:
jvm_args: -javaagent:C:\Program Files\JetBrains\IntelliJ IDEA Community Edition 2023.3.2\lib\idea_rt.jar=49748:C:\Program Files\JetBrains\IntelliJ IDEA Community Edition 2023.3.2\bin -Dfile.encoding=UTF-8 -Dsun.stdout.encoding=UTF-8 -Dsun.stderr.encoding=UTF-8 
java_command: com.ayoub.University.Manager.UniversityManagerApplication
java_class_path (initial): C:\Users\XfunX\IdeaProjects\University-Manager\target\classes;C:\Users\XfunX\.m2\repository\org\springframework\boot\spring-boot-starter-data-jpa\3.2.1\spring-boot-starter-data-jpa-3.2.1.jar;C:\Users\XfunX\.m2\repository\org\springframework\boot\spring-boot-starter-aop\3.2.1\spring-boot-starter-aop-3.2.1.jar;C:\Users\XfunX\.m2\repository\org\springframework\spring-aop\6.1.2\spring-aop-6.1.2.jar;C:\Users\XfunX\.m2\repository\org\aspectj\aspectjweaver\1.9.21\aspectjweaver-1.9.21.jar;C:\Users\XfunX\.m2\repository\org\springframework\boot\spring-boot-starter-jdbc\3.2.1\spring-boot-starter-jdbc-3.2.1.jar;C:\Users\XfunX\.m2\repository\com\zaxxer\HikariCP\5.0.1\HikariCP-5.0.1.jar;C:\Users\XfunX\.m2\repository\org\springframework\spring-jdbc\6.1.2\spring-jdbc-6.1.2.jar;C:\Users\XfunX\.m2\repository\org\hibernate\orm\hibernate-core\6.4.1.Final\hibernate-core-6.4.1.Final.jar;C:\Users\XfunX\.m2\repository\jakarta\persistence\jakarta.persistence-api\3.1.0\jakarta.persistence-api-3.1.0.jar;C:\Users\XfunX\.m2\repository\jakarta\transaction\jakarta.transaction-api\2.0.1\jakarta.transaction-api-2.0.1.jar;C:\Users\XfunX\.m2\repository\org\jboss\logging\jboss-logging\3.5.3.Final\jboss-logging-3.5.3.Final.jar;C:\Users\XfunX\.m2\repository\org\hibernate\common\hibernate-commons-annotations\6.0.6.Final\hibernate-commons-annotations-6.0.6.Final.jar;C:\Users\XfunX\.m2\repository\io\smallrye\jandex\3.1.2\jandex-3.1.2.jar;C:\Users\XfunX\.m2\repository\com\fasterxml\classmate\1.6.0\classmate-1.6.0.jar;C:\Users\XfunX\.m2\repository\net\bytebuddy\byte-buddy\1.14.10\byte-buddy-1.14.10.jar;C:\Users\XfunX\.m2\repository\org\glassfish\jaxb\jaxb-runtime\4.0.4\jaxb-runtime-4.0.4.jar;C:\Users\XfunX\.m2\repository\org\glassfish\jaxb\jaxb-core\4.0.4\jaxb-core-4.0.4.jar;C:\Users\XfunX\.m2\repository\org\eclipse\angus\angus-activation\2.0.1\angus-activation-2.0.1.jar;C:\Users\XfunX\.m2\repository\org\glassfish\jaxb\txw2\4.0.4\txw2-4.0.4.jar;C:\Users\XfunX\.m2\repository\com\sun\istack\istack-commons-runtime\4.1.2\istack-commons-runtime-4.1.2.jar;C:\Users\XfunX\.m2\repository\jakarta\inject\jakarta.inject-api\2.0.1\jakarta.inject-api-2.0.1.jar;C:\Users\XfunX\.m2\repository\org\antlr\antlr4-runtime\4.13.0\antlr4-runtime-4.13.0.jar;C:\Users\XfunX\.m2\repository\org\springframework\data\spring-data-jpa\3.2.1\spring-data-jpa-3.2.1.jar;C:\Users\XfunX\.m2\repository\org\springframework\data\spring-data-commons\3.2.1\spring-data-commons-3.2.1.jar;C:\Users\XfunX\.m2\repository\org\springframework\spring-orm\6.1.2\spring-orm-6.1.2.jar;C:\Users\XfunX\.m2\repository\org\springframework\spring-context\6.1.2\spring-context-6.1.2.jar;C:\Users\XfunX\.m2\repository\org\springframework\spring-tx\6.1.2\spring-tx-6.1.2.jar;C:\Users\XfunX\.m2\repository\org\springframework\spring-beans\6.1.2\spring-beans-6.1.2.jar;C:\Users\XfunX\.m2\repository\jakarta\annotation\jakarta.annotation-api\2.1.1\jakarta.annotation-api-2.1.1.jar;C:\Users\XfunX\.m2\repository\org\slf4j\slf4j-api\2.0.9\slf4j-api-2.0.9.jar;C:\Users\XfunX\.m2\repository\org\springframework\spring-aspects\6.1.2\spring-aspects-6.1.2.jar;C:\Users\XfunX\.m2\repository\org\springframework\boot\spring-boot-starter-web\3.2.1\spring-boot-starter-web-3.2.1.jar;C:\Users\XfunX\.m2\repository\org\springframework\boot\spring-boot-starter\3.2.1\spring-boot-starter-3.2.1.jar;C:\Users\XfunX\.m2\repository\org\springframework\boot\spring-boot-starter-logging\3.2.1\spring-boot-starter-logging-3.2.1.jar;C:\Users\XfunX\.m2\repository\ch\qos\logback\logback-classic\1.4.14\logback-classic-1.4.14.jar;C:\Users\XfunX\.m2\repository\ch\qos\logback\logback-core\1.4.14\logback-core-1.4.14.jar;C:\Users\XfunX\.m2\repository\org\apache\logging\log4j\log4j-to-slf4j\2.21.1\log4j-to-slf4j-2.21.1.jar;C:\Users\XfunX\.m2\repository\org\apache\logging\log4j\log4j-api\2.21.1\log4j-api-2.21.1.jar;C:\Users\XfunX\.m2\repository\org\slf4j\jul-to-slf4j\2.0.9\jul-to-slf4j-2.0.9.jar;C:\Users\XfunX\.m2\repository\org\yaml\snakeyaml\2.2\snakeyaml-2.2.jar;C:\Users\XfunX\.m2\repository\org\springframework\boot\spring-boot-starter-json\3.2.1\spring-boot-starter-json-3.2.1.jar;C:\Users\XfunX\.m2\repository\com\fasterxml\jackson\core\jackson-databind\2.15.3\jackson-databind-2.15.3.jar;C:\Users\XfunX\.m2\repository\com\fasterxml\jackson\core\jackson-annotations\2.15.3\jackson-annotations-2.15.3.jar;C:\Users\XfunX\.m2\repository\com\fasterxml\jackson\core\jackson-core\2.15.3\jackson-core-2.15.3.jar;C:\Users\XfunX\.m2\repository\com\fasterxml\jackson\datatype\jackson-datatype-jdk8\2.15.3\jackson-datatype-jdk8-2.15.3.jar;C:\Users\XfunX\.m2\repository\com\fasterxml\jackson\datatype\jackson-datatype-jsr310\2.15.3\jackson-datatype-jsr310-2.15.3.jar;C:\Users\XfunX\.m2\repository\com\fasterxml\jackson\module\jackson-module-parameter-names\2.15.3\jackson-module-parameter-names-2.15.3.jar;C:\Users\XfunX\.m2\repository\org\springframework\boot\spring-boot-starter-tomcat\3.2.1\spring-boot-starter-tomcat-3.2.1.jar;C:\Users\XfunX\.m2\repository\org\apache\tomcat\embed\tomcat-embed-core\10.1.17\tomcat-embed-core-10.1.17.jar;C:\Users\XfunX\.m2\repository\org\apache\tomcat\embed\tomcat-embed-el\10.1.17\tomcat-embed-el-10.1.17.jar;C:\Users\XfunX\.m2\repository\org\apache\tomcat\embed\tomcat-embed-websocket\10.1.17\tomcat-embed-websocket-10.1.17.jar;C:\Users\XfunX\.m2\repository\org\springframework\spring-web\6.1.2\spring-web-6.1.2.jar;C:\Users\XfunX\.m2\repository\io\micrometer\micrometer-observation\1.12.1\micrometer-observation-1.12.1.jar;C:\Users\XfunX\.m2\repository\io\micrometer\micrometer-commons\1.12.1\micrometer-commons-1.12.1.jar;C:\Users\XfunX\.m2\repository\org\springframework\spring-webmvc\6.1.2\spring-webmvc-6.1.2.jar;C:\Users\XfunX\.m2\repository\org\springframework\spring-expression\6.1.2\spring-expression-6.1.2.jar;C:\Users\XfunX\.m2\repository\org\springframework\boot\spring-boot-devtools\3.2.1\spring-boot-devtools-3.2.1.jar;C:\Users\XfunX\.m2\repository\org\springframework\boot\spring-boot\3.2.1\spring-boot-3.2.1.jar;C:\Users\XfunX\.m2\repository\org\springframework\boot\spring-boot-autoconfigure\3.2.1\spring-boot-autoconfigure-3.2.1.jar;C:\Users\XfunX\.m2\repository\com\mysql\mysql-connector-j\8.1.0\mysql-connector-j-8.1.0.jar;C:\Users\XfunX\.m2\repository\org\projectlombok\lombok\1.18.30\lombok-1.18.30.jar;C:\Users\XfunX\.m2\repository\jakarta\xml\bind\jakarta.xml.bind-api\4.0.1\jakarta.xml.bind-api-4.0.1.jar;C:\Users\XfunX\.m2\repository\jakarta\activation\jakarta.activation-api\2.1.2\jakarta.activation-api-2.1.2.jar;C:\Users\XfunX\.m2\repository\org\springframework\spring-core\6.1.2\spring-core-6.1.2.jar;C:\Users\XfunX\.m2\repository\org\springframework\spring-jcl\6.1.2\spring-jcl-6.1.2.jar;C:\Users\XfunX\.m2\repository\org\springframework\security\spring-security-crypto\6.0.3\spring-security-crypto-6.0.3.jar
Launcher Type: SUN_STANDARD

[Global flags]
     intx CICompilerCount                          = 3                                         {product} {ergonomic}
     uint ConcGCThreads                            = 1                                         {product} {ergonomic}
     uint G1ConcRefinementThreads                  = 4                                         {product} {ergonomic}
   size_t G1HeapRegionSize                         = 1048576                                   {product} {ergonomic}
    uintx GCDrainStackTargetSize                   = 64                                        {product} {ergonomic}
   size_t InitialHeapSize                          = 132120576                                 {product} {ergonomic}
   size_t MarkStackSize                            = 4194304                                   {product} {ergonomic}
   size_t MaxHeapSize                              = 2101346304                                {product} {ergonomic}
   size_t MaxNewSize                               = 1260388352                                {product} {ergonomic}
   size_t MinHeapDeltaBytes                        = 1048576                                   {product} {ergonomic}
   size_t MinHeapSize                              = 8388608                                   {product} {ergonomic}
    uintx NonNMethodCodeHeapSize                   = 5832780                                {pd product} {ergonomic}
    uintx NonProfiledCodeHeapSize                  = 122912730                              {pd product} {ergonomic}
    uintx ProfiledCodeHeapSize                     = 122912730                              {pd product} {ergonomic}
    uintx ReservedCodeCacheSize                    = 251658240                              {pd product} {ergonomic}
     bool SegmentedCodeCache                       = true                                      {product} {ergonomic}
   size_t SoftMaxHeapSize                          = 2101346304                             {manageable} {ergonomic}
     bool UseCompressedClassPointers               = true                           {product lp64_product} {ergonomic}
     bool UseCompressedOops                        = true                           {product lp64_product} {ergonomic}
     bool UseG1GC                                  = true                                      {product} {ergonomic}
     bool UseLargePagesIndividualAllocation        = false                                  {pd product} {ergonomic}

Logging:
Log output configuration:
 #0: stdout all=warning uptime,level,tags foldmultilines=false
 #1: stderr all=off uptime,level,tags foldmultilines=false

Environment Variables:
JAVA_HOME=C:\Program Files\Java\jdk1.7.0_80
PATH=C:\Program Files\Eclipse Adoptium\jdk-11.0.21.9-hotspot\bin;C:\Program Files\Common Files\Oracle\Java\javapath;C:\Program Files (x86)\Common Files\Oracle\Java\javapath;C:\app\XfunX\product\11.2.0\dbhome_1\bin;C:\ProgramData\Oracle\Java\javapath;C:\Program Files (x86)\Intel\Intel(R) Management Engine Components\iCLS\;C:\Program Files\Intel\Intel(R) Management Engine Components\iCLS\;C:\WINDOWS\system32;C:\WINDOWS;C:\WINDOWS\System32\Wbem;C:\WINDOWS\System32\WindowsPowerShell\v1.0\;C:\WINDOWS\System32\OpenSSH\;C:\Program Files (x86)\Intel\Intel(R) Management Engine Components\DAL;C:\Program Files\Intel\Intel(R) Management Engine Components\DAL;C:\Program Files\Java\jdk1.8.0_92\bin;C:\Program Files\Microsoft VS Code\bin;C:\Program Files\nodejs\;C:\xampp\php;C:\composer;C:\Users\XfunX\AppData\Local\Microsoft\WindowsApps;C:\Users\XfunX\AppData\Roaming\npm;C:\Users\XfunX\AppData\Roaming\Composer\vendor\bin
USERNAME=XfunX
OS=Windows_NT
PROCESSOR_IDENTIFIER=Intel64 Family 6 Model 142 Stepping 11, GenuineIntel
TMP=C:\Users\XfunX\AppData\Local\Temp
TEMP=C:\Users\XfunX\AppData\Local\Temp



---------------  S Y S T E M  ---------------

OS:
 Windows 11 , 64 bit Build 22621 (10.0.22621.2506)
OS uptime: 2 days 11:00 hours
Hyper-V role detected

CPU: total 4 (initial active 4) (2 cores per cpu, 2 threads per core) family 6 model 142 stepping 11 microcode 0xde, cx8, cmov, fxsr, ht, mmx, 3dnowpref, sse, sse2, sse3, ssse3, sse4.1, sse4.2, popcnt, lzcnt, tsc, tscinvbit, avx, avx2, aes, erms, clmul, bmi1, bmi2, adx, fma, vzeroupper, clflush, clflushopt, hv, rdtscp

Memory: 4k page, system-wide physical 8014M (958M free)
TotalPageFile size 14098M (AvailPageFile size 6M)
current process WorkingSet (physical memory assigned to process): 123M, peak: 126M
current process commit charge ("private bytes"): 244M, peak: 247M

vm_info: Java HotSpot(TM) 64-Bit Server VM (19+36-2238) for windows-amd64 JRE (19+36-2238), built on 2022-08-12T20:29:01Z by "mach5one" with MS VC++ 17.1 (VS2022)

END.
